Running  with the following configurations: /home/hd/hd_hd/hd_ea226/reprML/config/train-glue-imp.yaml
Deteceted investigating one of noise types:
impl:True, alg:False, both:False, no_control:False
Creating noise results path as:  /pfs/data6/home/hd/hd_hd/hd_ea226/reprML/results/glue/imp
Experiment Configuration:
Model Name: distilbert-base-uncased
Dataset Name: glue
Task Name: sst2
Number of Seeds: 10
Number of Epochs: 3
Number of Samples: -1
Loading model and dataset...
<torch.utils.data.sampler.RandomSampler object at 0x14816f997bf0> with sampler size: 67349
train batches: 2105
val batches: 28
Running training on 67349 samples
Setting torch determ. algorithms: False
Setting cudnn deterministic kernels: False
Running experiment with seed 14
Epoch 1: train_acc=0.9126 val_acc=0.9083
Epoch 2: train_acc=0.9612 val_acc=0.9060
Epoch 3: train_acc=0.9758 val_acc=0.9083
Setting torch determ. algorithms: False
Setting cudnn deterministic kernels: False
Running experiment with seed 14
Epoch 1: train_acc=0.9815 val_acc=0.9014
Epoch 2: train_acc=0.9891 val_acc=0.9060
Epoch 3: train_acc=0.9912 val_acc=0.9094
Setting torch determ. algorithms: False
Setting cudnn deterministic kernels: False
Running experiment with seed 14
Epoch 1: train_acc=0.9953 val_acc=0.8933
Epoch 2: train_acc=0.9961 val_acc=0.9060
Epoch 3: train_acc=0.9956 val_acc=0.9048
Setting torch determ. algorithms: False
Setting cudnn deterministic kernels: False
Running experiment with seed 14
Epoch 1: train_acc=0.9977 val_acc=0.8853
Epoch 2: train_acc=0.9976 val_acc=0.9002
Epoch 3: train_acc=0.9971 val_acc=0.9060
Setting torch determ. algorithms: False
Setting cudnn deterministic kernels: False
Running experiment with seed 14
Epoch 1: train_acc=0.9984 val_acc=0.8991
Epoch 2: train_acc=0.9984 val_acc=0.8922
Epoch 3: train_acc=0.9977 val_acc=0.8979
Setting torch determ. algorithms: False
Setting cudnn deterministic kernels: False
Running experiment with seed 14
Epoch 1: train_acc=0.9988 val_acc=0.8945
Epoch 2: train_acc=0.9986 val_acc=0.8922
Epoch 3: train_acc=0.9980 val_acc=0.8979
Setting torch determ. algorithms: False
Setting cudnn deterministic kernels: False
Running experiment with seed 14
Epoch 1: train_acc=0.9990 val_acc=0.8933
Epoch 2: train_acc=0.9990 val_acc=0.8830
Epoch 3: train_acc=0.9982 val_acc=0.8911
Setting torch determ. algorithms: False
Setting cudnn deterministic kernels: False
Running experiment with seed 14
Epoch 1: train_acc=0.9993 val_acc=0.8956
Epoch 2: train_acc=0.9988 val_acc=0.9048
Epoch 3: train_acc=0.9988 val_acc=0.9060
Setting torch determ. algorithms: False
Setting cudnn deterministic kernels: False
Running experiment with seed 14
Epoch 1: train_acc=0.9994 val_acc=0.8911
Epoch 2: train_acc=0.9992 val_acc=0.8956
Epoch 3: train_acc=0.9987 val_acc=0.8979
Setting torch determ. algorithms: False
Setting cudnn deterministic kernels: False
Running experiment with seed 14
Epoch 1: train_acc=0.9994 val_acc=0.8853
Epoch 2: train_acc=0.9993 val_acc=0.8922
Epoch 3: train_acc=0.9991 val_acc=0.8888
Mean false error rate per seed: [np.float64(0.09174311926605505), np.float64(0.09059633027522936), np.float64(0.09518348623853211), np.float64(0.09403669724770643), np.float64(0.10206422018348624), np.float64(0.10206422018348624), np.float64(0.10894495412844037), np.float64(0.09403669724770643), np.float64(0.10206422018348624), np.float64(0.11123853211009174)] (in case of existing preds, labels)
Mean accuracy: 0.900802752293578
Stddev: 0.006808682389356595
Comparing run 0 and run 0 for normal churn...
Comparing run 0 and run 1 for normal churn...
Comparing run 0 and run 2 for normal churn...
Comparing run 0 and run 3 for normal churn...
Comparing run 0 and run 4 for normal churn...
Comparing run 0 and run 5 for normal churn...
Comparing run 0 and run 6 for normal churn...
Comparing run 0 and run 7 for normal churn...
Comparing run 0 and run 8 for normal churn...
Comparing run 0 and run 9 for normal churn...
Comparing run 1 and run 0 for normal churn...
Comparing run 1 and run 1 for normal churn...
Comparing run 1 and run 2 for normal churn...
Comparing run 1 and run 3 for normal churn...
Comparing run 1 and run 4 for normal churn...
Comparing run 1 and run 5 for normal churn...
Comparing run 1 and run 6 for normal churn...
Comparing run 1 and run 7 for normal churn...
Comparing run 1 and run 8 for normal churn...
Comparing run 1 and run 9 for normal churn...
Comparing run 2 and run 0 for normal churn...
Comparing run 2 and run 1 for normal churn...
Comparing run 2 and run 2 for normal churn...
Comparing run 2 and run 3 for normal churn...
Comparing run 2 and run 4 for normal churn...
Comparing run 2 and run 5 for normal churn...
Comparing run 2 and run 6 for normal churn...
Comparing run 2 and run 7 for normal churn...
Comparing run 2 and run 8 for normal churn...
Comparing run 2 and run 9 for normal churn...
Comparing run 3 and run 0 for normal churn...
Comparing run 3 and run 1 for normal churn...
Comparing run 3 and run 2 for normal churn...
Comparing run 3 and run 3 for normal churn...
Comparing run 3 and run 4 for normal churn...
Comparing run 3 and run 5 for normal churn...
Comparing run 3 and run 6 for normal churn...
Comparing run 3 and run 7 for normal churn...
Comparing run 3 and run 8 for normal churn...
Comparing run 3 and run 9 for normal churn...
Comparing run 4 and run 0 for normal churn...
Comparing run 4 and run 1 for normal churn...
Comparing run 4 and run 2 for normal churn...
Comparing run 4 and run 3 for normal churn...
Comparing run 4 and run 4 for normal churn...
Comparing run 4 and run 5 for normal churn...
Comparing run 4 and run 6 for normal churn...
Comparing run 4 and run 7 for normal churn...
Comparing run 4 and run 8 for normal churn...
Comparing run 4 and run 9 for normal churn...
Comparing run 5 and run 0 for normal churn...
Comparing run 5 and run 1 for normal churn...
Comparing run 5 and run 2 for normal churn...
Comparing run 5 and run 3 for normal churn...
Comparing run 5 and run 4 for normal churn...
Comparing run 5 and run 5 for normal churn...
Comparing run 5 and run 6 for normal churn...
Comparing run 5 and run 7 for normal churn...
Comparing run 5 and run 8 for normal churn...
Comparing run 5 and run 9 for normal churn...
Comparing run 6 and run 0 for normal churn...
Comparing run 6 and run 1 for normal churn...
Comparing run 6 and run 2 for normal churn...
Comparing run 6 and run 3 for normal churn...
Comparing run 6 and run 4 for normal churn...
Comparing run 6 and run 5 for normal churn...
Comparing run 6 and run 6 for normal churn...
Comparing run 6 and run 7 for normal churn...
Comparing run 6 and run 8 for normal churn...
Comparing run 6 and run 9 for normal churn...
Comparing run 7 and run 0 for normal churn...
Comparing run 7 and run 1 for normal churn...
Comparing run 7 and run 2 for normal churn...
Comparing run 7 and run 3 for normal churn...
Comparing run 7 and run 4 for normal churn...
Comparing run 7 and run 5 for normal churn...
Comparing run 7 and run 6 for normal churn...
Comparing run 7 and run 7 for normal churn...
Comparing run 7 and run 8 for normal churn...
Comparing run 7 and run 9 for normal churn...
Comparing run 8 and run 0 for normal churn...
Comparing run 8 and run 1 for normal churn...
Comparing run 8 and run 2 for normal churn...
Comparing run 8 and run 3 for normal churn...
Comparing run 8 and run 4 for normal churn...
Comparing run 8 and run 5 for normal churn...
Comparing run 8 and run 6 for normal churn...
Comparing run 8 and run 7 for normal churn...
Comparing run 8 and run 8 for normal churn...
Comparing run 8 and run 9 for normal churn...
Comparing run 9 and run 0 for normal churn...
Comparing run 9 and run 1 for normal churn...
Comparing run 9 and run 2 for normal churn...
Comparing run 9 and run 3 for normal churn...
Comparing run 9 and run 4 for normal churn...
Comparing run 9 and run 5 for normal churn...
Comparing run 9 and run 6 for normal churn...
Comparing run 9 and run 7 for normal churn...
Comparing run 9 and run 8 for normal churn...
Comparing run 9 and run 9 for normal churn...
Mean churn: 0.04130988786952091
Mean L2 divergence: 1.3205496788024902
Preds and labels found for run
Preds and labels found for run
Preds and labels found for run
Preds and labels found for run
Preds and labels found for run
Preds and labels found for run
Preds and labels found for run
Preds and labels found for run
Preds and labels found for run
Preds and labels found for run
FP stddev: 5.249761899362675
Unstable FP samples: [ 22  64  92  95 107 115 118 121 158 171 183 211 218 253 274 292 312 385
 395 399 405 411 442 446 449 494 513 519 527 544 579 580 604 617 646 692
 695 702 707 724 733 736 764 770 771 791 829 832 846 862]
FP churn: 0.3344892169393916
FN churn: 0.3547837099161098

============================= JOB FEEDBACK =============================

NodeName=uc2n903
Job ID: 5016675
Cluster: uc3
User/Group: hd_ea226/hd_hd
State: COMPLETED (exit code 0)
Nodes: 1
Cores per node: 4
CPU Utilized: 01:20:27
CPU Efficiency: 23.56% of 05:41:24 core-walltime
Job Wall-clock time: 01:25:21
Memory Utilized: 1.01 GB
Memory Efficiency: 6.34% of 16.00 GB (16.00 GB/node)
