Running  with the following configurations: /home/hd/hd_hd/hd_ea226/reprML/config/train-glue.yaml
Deteceted investigating one of noise types:
impl:False, alg:False, both:False, no_control:True
Creating noise results path as:  /pfs/data6/home/hd/hd_hd/hd_ea226/reprML/results/glue/no_crl
Experiment Configuration:
Model Name: distilbert-base-uncased
Dataset Name: glue
Task Name: sst2
Number of Seeds: 10
Number of Epochs: 3
Number of Samples: -1
Loading model and dataset...
<torch.utils.data.sampler.RandomSampler object at 0x14e69837fdd0> with sampler size: 67349
train batches: 2105
val batches: 28
Running training on 67349 samples
Setting torch determ. algorithms: False
Setting cudnn deterministic kernels: False
Running experiment with seed 0
Creating results directory for seed 0 at:  /pfs/data6/home/hd/hd_hd/hd_ea226/reprML/results/glue/no_crl
Epoch 1: train_acc=0.9145 val_acc=0.8922
Epoch 2: train_acc=0.9615 val_acc=0.9083
Epoch 3: train_acc=0.9760 val_acc=0.9048
Setting torch determ. algorithms: False
Setting cudnn deterministic kernels: False
Running experiment with seed 1
Creating results directory for seed 1 at:  /pfs/data6/home/hd/hd_hd/hd_ea226/reprML/results/glue/no_crl
Epoch 1: train_acc=0.9701 val_acc=0.9002
Epoch 2: train_acc=0.9813 val_acc=0.9048
Epoch 3: train_acc=0.9894 val_acc=0.9014
Setting torch determ. algorithms: False
Setting cudnn deterministic kernels: False
Running experiment with seed 2
Creating results directory for seed 2 at:  /pfs/data6/home/hd/hd_hd/hd_ea226/reprML/results/glue/no_crl
Epoch 1: train_acc=0.9833 val_acc=0.9048
Epoch 2: train_acc=0.9896 val_acc=0.9048
Epoch 3: train_acc=0.9940 val_acc=0.9128
Setting torch determ. algorithms: False
Setting cudnn deterministic kernels: False
Running experiment with seed 3
Creating results directory for seed 3 at:  /pfs/data6/home/hd/hd_hd/hd_ea226/reprML/results/glue/no_crl
Epoch 1: train_acc=0.9899 val_acc=0.8945
Epoch 2: train_acc=0.9928 val_acc=0.9025
Epoch 3: train_acc=0.9964 val_acc=0.9025
Setting torch determ. algorithms: False
Setting cudnn deterministic kernels: False
Running experiment with seed 4
Creating results directory for seed 4 at:  /pfs/data6/home/hd/hd_hd/hd_ea226/reprML/results/glue/no_crl
Epoch 1: train_acc=0.9930 val_acc=0.8956
Epoch 2: train_acc=0.9944 val_acc=0.9014
Epoch 3: train_acc=0.9976 val_acc=0.9048
Setting torch determ. algorithms: False
Setting cudnn deterministic kernels: False
Running experiment with seed 5
Creating results directory for seed 5 at:  /pfs/data6/home/hd/hd_hd/hd_ea226/reprML/results/glue/no_crl
Epoch 1: train_acc=0.9950 val_acc=0.8888
Epoch 2: train_acc=0.9964 val_acc=0.8968
Epoch 3: train_acc=0.9981 val_acc=0.8991
Setting torch determ. algorithms: False
Setting cudnn deterministic kernels: False
Running experiment with seed 6
Creating results directory for seed 6 at:  /pfs/data6/home/hd/hd_hd/hd_ea226/reprML/results/glue/no_crl
Epoch 1: train_acc=0.9955 val_acc=0.8933
Epoch 2: train_acc=0.9975 val_acc=0.8888
Epoch 3: train_acc=0.9984 val_acc=0.8911
Setting torch determ. algorithms: False
Setting cudnn deterministic kernels: False
Running experiment with seed 7
Creating results directory for seed 7 at:  /pfs/data6/home/hd/hd_hd/hd_ea226/reprML/results/glue/no_crl
Epoch 1: train_acc=0.9970 val_acc=0.8876
Epoch 2: train_acc=0.9977 val_acc=0.8979
Epoch 3: train_acc=0.9988 val_acc=0.8968
Setting torch determ. algorithms: False
Setting cudnn deterministic kernels: False
Running experiment with seed 8
Creating results directory for seed 8 at:  /pfs/data6/home/hd/hd_hd/hd_ea226/reprML/results/glue/no_crl
Epoch 1: train_acc=0.9976 val_acc=0.8911
Epoch 2: train_acc=0.9981 val_acc=0.8991
Epoch 3: train_acc=0.9991 val_acc=0.9002
Setting torch determ. algorithms: False
Setting cudnn deterministic kernels: False
Running experiment with seed 9
Creating results directory for seed 9 at:  /pfs/data6/home/hd/hd_hd/hd_ea226/reprML/results/glue/no_crl
Epoch 1: train_acc=0.9978 val_acc=0.8956
Epoch 2: train_acc=0.9981 val_acc=0.9002
Epoch 3: train_acc=0.9994 val_acc=0.8991
Mean false error rate per seed: [np.float64(0.09518348623853211), np.float64(0.09862385321100918), np.float64(0.0871559633027523), np.float64(0.09747706422018348), np.float64(0.09518348623853211), np.float64(0.10091743119266056), np.float64(0.10894495412844037), np.float64(0.10321100917431193), np.float64(0.09977064220183486), np.float64(0.10091743119266056)] (in case of existing preds, labels)
Mean accuracy: 0.9012614678899082
Stddev: 0.005438488853843743
Comparing run 0 and run 0 for normal churn...
Comparing run 0 and run 1 for normal churn...
Comparing run 0 and run 2 for normal churn...
Comparing run 0 and run 3 for normal churn...
Comparing run 0 and run 4 for normal churn...
Comparing run 0 and run 5 for normal churn...
Comparing run 0 and run 6 for normal churn...
Comparing run 0 and run 7 for normal churn...
Comparing run 0 and run 8 for normal churn...
Comparing run 0 and run 9 for normal churn...
Comparing run 1 and run 0 for normal churn...
Comparing run 1 and run 1 for normal churn...
Comparing run 1 and run 2 for normal churn...
Comparing run 1 and run 3 for normal churn...
Comparing run 1 and run 4 for normal churn...
Comparing run 1 and run 5 for normal churn...
Comparing run 1 and run 6 for normal churn...
Comparing run 1 and run 7 for normal churn...
Comparing run 1 and run 8 for normal churn...
Comparing run 1 and run 9 for normal churn...
Comparing run 2 and run 0 for normal churn...
Comparing run 2 and run 1 for normal churn...
Comparing run 2 and run 2 for normal churn...
Comparing run 2 and run 3 for normal churn...
Comparing run 2 and run 4 for normal churn...
Comparing run 2 and run 5 for normal churn...
Comparing run 2 and run 6 for normal churn...
Comparing run 2 and run 7 for normal churn...
Comparing run 2 and run 8 for normal churn...
Comparing run 2 and run 9 for normal churn...
Comparing run 3 and run 0 for normal churn...
Comparing run 3 and run 1 for normal churn...
Comparing run 3 and run 2 for normal churn...
Comparing run 3 and run 3 for normal churn...
Comparing run 3 and run 4 for normal churn...
Comparing run 3 and run 5 for normal churn...
Comparing run 3 and run 6 for normal churn...
Comparing run 3 and run 7 for normal churn...
Comparing run 3 and run 8 for normal churn...
Comparing run 3 and run 9 for normal churn...
Comparing run 4 and run 0 for normal churn...
Comparing run 4 and run 1 for normal churn...
Comparing run 4 and run 2 for normal churn...
Comparing run 4 and run 3 for normal churn...
Comparing run 4 and run 4 for normal churn...
Comparing run 4 and run 5 for normal churn...
Comparing run 4 and run 6 for normal churn...
Comparing run 4 and run 7 for normal churn...
Comparing run 4 and run 8 for normal churn...
Comparing run 4 and run 9 for normal churn...
Comparing run 5 and run 0 for normal churn...
Comparing run 5 and run 1 for normal churn...
Comparing run 5 and run 2 for normal churn...
Comparing run 5 and run 3 for normal churn...
Comparing run 5 and run 4 for normal churn...
Comparing run 5 and run 5 for normal churn...
Comparing run 5 and run 6 for normal churn...
Comparing run 5 and run 7 for normal churn...
Comparing run 5 and run 8 for normal churn...
Comparing run 5 and run 9 for normal churn...
Comparing run 6 and run 0 for normal churn...
Comparing run 6 and run 1 for normal churn...
Comparing run 6 and run 2 for normal churn...
Comparing run 6 and run 3 for normal churn...
Comparing run 6 and run 4 for normal churn...
Comparing run 6 and run 5 for normal churn...
Comparing run 6 and run 6 for normal churn...
Comparing run 6 and run 7 for normal churn...
Comparing run 6 and run 8 for normal churn...
Comparing run 6 and run 9 for normal churn...
Comparing run 7 and run 0 for normal churn...
Comparing run 7 and run 1 for normal churn...
Comparing run 7 and run 2 for normal churn...
Comparing run 7 and run 3 for normal churn...
Comparing run 7 and run 4 for normal churn...
Comparing run 7 and run 5 for normal churn...
Comparing run 7 and run 6 for normal churn...
Comparing run 7 and run 7 for normal churn...
Comparing run 7 and run 8 for normal churn...
Comparing run 7 and run 9 for normal churn...
Comparing run 8 and run 0 for normal churn...
Comparing run 8 and run 1 for normal churn...
Comparing run 8 and run 2 for normal churn...
Comparing run 8 and run 3 for normal churn...
Comparing run 8 and run 4 for normal churn...
Comparing run 8 and run 5 for normal churn...
Comparing run 8 and run 6 for normal churn...
Comparing run 8 and run 7 for normal churn...
Comparing run 8 and run 8 for normal churn...
Comparing run 8 and run 9 for normal churn...
Comparing run 9 and run 0 for normal churn...
Comparing run 9 and run 1 for normal churn...
Comparing run 9 and run 2 for normal churn...
Comparing run 9 and run 3 for normal churn...
Comparing run 9 and run 4 for normal churn...
Comparing run 9 and run 5 for normal churn...
Comparing run 9 and run 6 for normal churn...
Comparing run 9 and run 7 for normal churn...
Comparing run 9 and run 8 for normal churn...
Comparing run 9 and run 9 for normal churn...
Mean churn: 0.04212538226299694
Mean L2 divergence: 1.525210640165541
Preds and labels found for run
Preds and labels found for run
Preds and labels found for run
Preds and labels found for run
Preds and labels found for run
Preds and labels found for run
Preds and labels found for run
Preds and labels found for run
Preds and labels found for run
Preds and labels found for run
FP stddev: 3.893584466786357
Unstable FP samples: [ 22  44  64  92  95 115 118 121 145 158 171 183 184 218 253 267 274 292
 312 399 411 442 446 449 454 494 519 527 544 579 580 604 612 617 646 692
 695 707 724 733 735 736 764 771 791 829 832 846 862]
FP churn: 0.3324792808978005
FN churn: 0.37187404980837224

============================= JOB FEEDBACK =============================

NodeName=uc2n912
Job ID: 5039580
Cluster: uc3
User/Group: hd_ea226/hd_hd
State: COMPLETED (exit code 0)
Nodes: 1
Cores per node: 4
CPU Utilized: 01:19:49
CPU Efficiency: 23.62% of 05:37:52 core-walltime
Job Wall-clock time: 01:24:28
Memory Utilized: 1.01 GB
Memory Efficiency: 6.31% of 16.00 GB (16.00 GB/node)
