Running  with the following configurations: /home/hd/hd_hd/hd_ea226/reprML/config/train-squad-alg.yaml
Deteceted investigating one of noise types:
impl:False, alg:True, both:False, no_control:False
Creating noise results path as:  /pfs/data6/home/hd/hd_hd/hd_ea226/reprML/results/squad/alg
Experiment Configuration:
Model Name: roberta-base
Dataset Name: squad
Task Name: plain_text
Number of Seeds: 10
Number of Epochs: 2
Number of Samples: 1000
Loading model and dataset...
<torch.utils.data.sampler.RandomSampler object at 0x14fe9bcdf710> with sampler size: 1000
train batches: 125
val batches: 675
Running training on 88568 samples
Setting torch determ. algorithms: True
Setting cudnn deterministic kernels: True
Setting fixed precision to float32
Running experiment with seed 0
Epoch 1: train_acc=0.0000 val_loss=1.7543
Epoch 2: train_acc=0.0000 val_loss=1.4994
Setting torch determ. algorithms: True
Setting cudnn deterministic kernels: True
Setting fixed precision to float32
Running experiment with seed 1
Epoch 1: train_acc=0.0000 val_loss=1.3734
Epoch 2: train_acc=0.0000 val_loss=1.3061
Setting torch determ. algorithms: True
Setting cudnn deterministic kernels: True
Setting fixed precision to float32
Running experiment with seed 2
Epoch 1: train_acc=0.0000 val_loss=1.3090
Epoch 2: train_acc=0.0000 val_loss=1.2418
Setting torch determ. algorithms: True
Setting cudnn deterministic kernels: True
Setting fixed precision to float32
Running experiment with seed 3
Epoch 1: train_acc=0.0000 val_loss=1.2013
Epoch 2: train_acc=0.0000 val_loss=1.1707
Setting torch determ. algorithms: True
Setting cudnn deterministic kernels: True
Setting fixed precision to float32
Running experiment with seed 4
Epoch 1: train_acc=0.0000 val_loss=1.1833
Epoch 2: train_acc=0.0000 val_loss=1.1275
Setting torch determ. algorithms: True
Setting cudnn deterministic kernels: True
Setting fixed precision to float32
Running experiment with seed 5
Epoch 1: train_acc=0.0000 val_loss=1.2137
Epoch 2: train_acc=0.0000 val_loss=1.1100
Setting torch determ. algorithms: True
Setting cudnn deterministic kernels: True
Setting fixed precision to float32
Running experiment with seed 6
Epoch 1: train_acc=0.0000 val_loss=1.1408
Epoch 2: train_acc=0.0000 val_loss=1.0856
Setting torch determ. algorithms: True
Setting cudnn deterministic kernels: True
Setting fixed precision to float32
Running experiment with seed 7
Epoch 1: train_acc=0.0000 val_loss=1.1184
Epoch 2: train_acc=0.0000 val_loss=1.0596
Setting torch determ. algorithms: True
Setting cudnn deterministic kernels: True
Setting fixed precision to float32
Running experiment with seed 8
Epoch 1: train_acc=0.0000 val_loss=1.0614
Epoch 2: train_acc=0.0000 val_loss=1.0350
Setting torch determ. algorithms: True
Setting cudnn deterministic kernels: True
Setting fixed precision to float32
Running experiment with seed 9
Epoch 1: train_acc=0.0000 val_loss=1.0500
Epoch 2: train_acc=0.0000 val_loss=1.0465
Mean false error rate per seed: [np.float64(0.0), np.float64(0.0), np.float64(0.0), np.float64(0.0), np.float64(0.0), np.float64(0.0), np.float64(0.0), np.float64(0.0), np.float64(0.0), np.float64(0.0)] (in case of existing preds, labels)
Comparing run 0 and run 0 for span churn...
Calculating span churn between start ([48, 48, 81]) and end ([49, 49, 83]) positions of different runs
Comparing run 0 and run 1 for span churn...
Calculating span churn between start ([48, 48, 81]) and end ([49, 49, 83]) positions of different runs
Comparing run 0 and run 2 for span churn...
Calculating span churn between start ([48, 48, 81]) and end ([49, 49, 83]) positions of different runs
Comparing run 0 and run 3 for span churn...
Calculating span churn between start ([48, 48, 81]) and end ([49, 49, 83]) positions of different runs
Comparing run 0 and run 4 for span churn...
Calculating span churn between start ([48, 48, 81]) and end ([49, 49, 83]) positions of different runs
Comparing run 0 and run 5 for span churn...
Calculating span churn between start ([48, 48, 81]) and end ([49, 49, 83]) positions of different runs
Comparing run 0 and run 6 for span churn...
Calculating span churn between start ([48, 48, 81]) and end ([49, 49, 83]) positions of different runs
Comparing run 0 and run 7 for span churn...
Calculating span churn between start ([48, 48, 81]) and end ([49, 49, 83]) positions of different runs
Comparing run 0 and run 8 for span churn...
Calculating span churn between start ([48, 48, 81]) and end ([49, 49, 83]) positions of different runs
Comparing run 0 and run 9 for span churn...
Calculating span churn between start ([48, 48, 81]) and end ([49, 49, 83]) positions of different runs
Comparing run 1 and run 0 for span churn...
Calculating span churn between start ([48, 48, 81]) and end ([49, 61, 83]) positions of different runs
Comparing run 1 and run 1 for span churn...
Calculating span churn between start ([48, 48, 81]) and end ([49, 61, 83]) positions of different runs
Comparing run 1 and run 2 for span churn...
Calculating span churn between start ([48, 48, 81]) and end ([49, 61, 83]) positions of different runs
Comparing run 1 and run 3 for span churn...
Calculating span churn between start ([48, 48, 81]) and end ([49, 61, 83]) positions of different runs
Comparing run 1 and run 4 for span churn...
Calculating span churn between start ([48, 48, 81]) and end ([49, 61, 83]) positions of different runs
Comparing run 1 and run 5 for span churn...
Calculating span churn between start ([48, 48, 81]) and end ([49, 61, 83]) positions of different runs
Comparing run 1 and run 6 for span churn...
Calculating span churn between start ([48, 48, 81]) and end ([49, 61, 83]) positions of different runs
Comparing run 1 and run 7 for span churn...
Calculating span churn between start ([48, 48, 81]) and end ([49, 61, 83]) positions of different runs
Comparing run 1 and run 8 for span churn...
Calculating span churn between start ([48, 48, 81]) and end ([49, 61, 83]) positions of different runs
Comparing run 1 and run 9 for span churn...
Calculating span churn between start ([48, 48, 81]) and end ([49, 61, 83]) positions of different runs
Comparing run 2 and run 0 for span churn...
Calculating span churn between start ([48, 48, 81]) and end ([49, 49, 83]) positions of different runs
Comparing run 2 and run 1 for span churn...
Calculating span churn between start ([48, 48, 81]) and end ([49, 49, 83]) positions of different runs
Comparing run 2 and run 2 for span churn...
Calculating span churn between start ([48, 48, 81]) and end ([49, 49, 83]) positions of different runs
Comparing run 2 and run 3 for span churn...
Calculating span churn between start ([48, 48, 81]) and end ([49, 49, 83]) positions of different runs
Comparing run 2 and run 4 for span churn...
Calculating span churn between start ([48, 48, 81]) and end ([49, 49, 83]) positions of different runs
Comparing run 2 and run 5 for span churn...
Calculating span churn between start ([48, 48, 81]) and end ([49, 49, 83]) positions of different runs
Comparing run 2 and run 6 for span churn...
Calculating span churn between start ([48, 48, 81]) and end ([49, 49, 83]) positions of different runs
Comparing run 2 and run 7 for span churn...
Calculating span churn between start ([48, 48, 81]) and end ([49, 49, 83]) positions of different runs
Comparing run 2 and run 8 for span churn...
Calculating span churn between start ([48, 48, 81]) and end ([49, 49, 83]) positions of different runs
Comparing run 2 and run 9 for span churn...
Calculating span churn between start ([48, 48, 81]) and end ([49, 49, 83]) positions of different runs
Comparing run 3 and run 0 for span churn...
Calculating span churn between start ([48, 60, 16]) and end ([49, 61, 94]) positions of different runs
Comparing run 3 and run 1 for span churn...
Calculating span churn between start ([48, 60, 16]) and end ([49, 61, 94]) positions of different runs
Comparing run 3 and run 2 for span churn...
Calculating span churn between start ([48, 60, 16]) and end ([49, 61, 94]) positions of different runs
Comparing run 3 and run 3 for span churn...
Calculating span churn between start ([48, 60, 16]) and end ([49, 61, 94]) positions of different runs
Comparing run 3 and run 4 for span churn...
Calculating span churn between start ([48, 60, 16]) and end ([49, 61, 94]) positions of different runs
Comparing run 3 and run 5 for span churn...
Calculating span churn between start ([48, 60, 16]) and end ([49, 61, 94]) positions of different runs
Comparing run 3 and run 6 for span churn...
Calculating span churn between start ([48, 60, 16]) and end ([49, 61, 94]) positions of different runs
Comparing run 3 and run 7 for span churn...
Calculating span churn between start ([48, 60, 16]) and end ([49, 61, 94]) positions of different runs
Comparing run 3 and run 8 for span churn...
Calculating span churn between start ([48, 60, 16]) and end ([49, 61, 94]) positions of different runs
Comparing run 3 and run 9 for span churn...
Calculating span churn between start ([48, 60, 16]) and end ([49, 61, 94]) positions of different runs
Comparing run 4 and run 0 for span churn...
Calculating span churn between start ([48, 60, 81]) and end ([49, 61, 94]) positions of different runs
Comparing run 4 and run 1 for span churn...
Calculating span churn between start ([48, 60, 81]) and end ([49, 61, 94]) positions of different runs
Comparing run 4 and run 2 for span churn...
Calculating span churn between start ([48, 60, 81]) and end ([49, 61, 94]) positions of different runs
Comparing run 4 and run 3 for span churn...
Calculating span churn between start ([48, 60, 81]) and end ([49, 61, 94]) positions of different runs
Comparing run 4 and run 4 for span churn...
Calculating span churn between start ([48, 60, 81]) and end ([49, 61, 94]) positions of different runs
Comparing run 4 and run 5 for span churn...
Calculating span churn between start ([48, 60, 81]) and end ([49, 61, 94]) positions of different runs
Comparing run 4 and run 6 for span churn...
Calculating span churn between start ([48, 60, 81]) and end ([49, 61, 94]) positions of different runs
Comparing run 4 and run 7 for span churn...
Calculating span churn between start ([48, 60, 81]) and end ([49, 61, 94]) positions of different runs
Comparing run 4 and run 8 for span churn...
Calculating span churn between start ([48, 60, 81]) and end ([49, 61, 94]) positions of different runs
Comparing run 4 and run 9 for span churn...
Calculating span churn between start ([48, 60, 81]) and end ([49, 61, 94]) positions of different runs
Comparing run 5 and run 0 for span churn...
Calculating span churn between start ([48, 60, 81]) and end ([49, 61, 94]) positions of different runs
Comparing run 5 and run 1 for span churn...
Calculating span churn between start ([48, 60, 81]) and end ([49, 61, 94]) positions of different runs
Comparing run 5 and run 2 for span churn...
Calculating span churn between start ([48, 60, 81]) and end ([49, 61, 94]) positions of different runs
Comparing run 5 and run 3 for span churn...
Calculating span churn between start ([48, 60, 81]) and end ([49, 61, 94]) positions of different runs
Comparing run 5 and run 4 for span churn...
Calculating span churn between start ([48, 60, 81]) and end ([49, 61, 94]) positions of different runs
Comparing run 5 and run 5 for span churn...
Calculating span churn between start ([48, 60, 81]) and end ([49, 61, 94]) positions of different runs
Comparing run 5 and run 6 for span churn...
Calculating span churn between start ([48, 60, 81]) and end ([49, 61, 94]) positions of different runs
Comparing run 5 and run 7 for span churn...
Calculating span churn between start ([48, 60, 81]) and end ([49, 61, 94]) positions of different runs
Comparing run 5 and run 8 for span churn...
Calculating span churn between start ([48, 60, 81]) and end ([49, 61, 94]) positions of different runs
Comparing run 5 and run 9 for span churn...
Calculating span churn between start ([48, 60, 81]) and end ([49, 61, 94]) positions of different runs
Comparing run 6 and run 0 for span churn...
Calculating span churn between start ([48, 60, 81]) and end ([49, 61, 94]) positions of different runs
Comparing run 6 and run 1 for span churn...
Calculating span churn between start ([48, 60, 81]) and end ([49, 61, 94]) positions of different runs
Comparing run 6 and run 2 for span churn...
Calculating span churn between start ([48, 60, 81]) and end ([49, 61, 94]) positions of different runs
Comparing run 6 and run 3 for span churn...
Calculating span churn between start ([48, 60, 81]) and end ([49, 61, 94]) positions of different runs
Comparing run 6 and run 4 for span churn...
Calculating span churn between start ([48, 60, 81]) and end ([49, 61, 94]) positions of different runs
Comparing run 6 and run 5 for span churn...
Calculating span churn between start ([48, 60, 81]) and end ([49, 61, 94]) positions of different runs
Comparing run 6 and run 6 for span churn...
Calculating span churn between start ([48, 60, 81]) and end ([49, 61, 94]) positions of different runs
Comparing run 6 and run 7 for span churn...
Calculating span churn between start ([48, 60, 81]) and end ([49, 61, 94]) positions of different runs
Comparing run 6 and run 8 for span churn...
Calculating span churn between start ([48, 60, 81]) and end ([49, 61, 94]) positions of different runs
Comparing run 6 and run 9 for span churn...
Calculating span churn between start ([48, 60, 81]) and end ([49, 61, 94]) positions of different runs
Comparing run 7 and run 0 for span churn...
Calculating span churn between start ([48, 48, 81]) and end ([49, 61, 83]) positions of different runs
Comparing run 7 and run 1 for span churn...
Calculating span churn between start ([48, 48, 81]) and end ([49, 61, 83]) positions of different runs
Comparing run 7 and run 2 for span churn...
Calculating span churn between start ([48, 48, 81]) and end ([49, 61, 83]) positions of different runs
Comparing run 7 and run 3 for span churn...
Calculating span churn between start ([48, 48, 81]) and end ([49, 61, 83]) positions of different runs
Comparing run 7 and run 4 for span churn...
Calculating span churn between start ([48, 48, 81]) and end ([49, 61, 83]) positions of different runs
Comparing run 7 and run 5 for span churn...
Calculating span churn between start ([48, 48, 81]) and end ([49, 61, 83]) positions of different runs
Comparing run 7 and run 6 for span churn...
Calculating span churn between start ([48, 48, 81]) and end ([49, 61, 83]) positions of different runs
Comparing run 7 and run 7 for span churn...
Calculating span churn between start ([48, 48, 81]) and end ([49, 61, 83]) positions of different runs
Comparing run 7 and run 8 for span churn...
Calculating span churn between start ([48, 48, 81]) and end ([49, 61, 83]) positions of different runs
Comparing run 7 and run 9 for span churn...
Calculating span churn between start ([48, 48, 81]) and end ([49, 61, 83]) positions of different runs
Comparing run 8 and run 0 for span churn...
Calculating span churn between start ([48, 60, 81]) and end ([49, 61, 83]) positions of different runs
Comparing run 8 and run 1 for span churn...
Calculating span churn between start ([48, 60, 81]) and end ([49, 61, 83]) positions of different runs
Comparing run 8 and run 2 for span churn...
Calculating span churn between start ([48, 60, 81]) and end ([49, 61, 83]) positions of different runs
Comparing run 8 and run 3 for span churn...
Calculating span churn between start ([48, 60, 81]) and end ([49, 61, 83]) positions of different runs
Comparing run 8 and run 4 for span churn...
Calculating span churn between start ([48, 60, 81]) and end ([49, 61, 83]) positions of different runs
Comparing run 8 and run 5 for span churn...
Calculating span churn between start ([48, 60, 81]) and end ([49, 61, 83]) positions of different runs
Comparing run 8 and run 6 for span churn...
Calculating span churn between start ([48, 60, 81]) and end ([49, 61, 83]) positions of different runs
Comparing run 8 and run 7 for span churn...
Calculating span churn between start ([48, 60, 81]) and end ([49, 61, 83]) positions of different runs
Comparing run 8 and run 8 for span churn...
Calculating span churn between start ([48, 60, 81]) and end ([49, 61, 83]) positions of different runs
Comparing run 8 and run 9 for span churn...
Calculating span churn between start ([48, 60, 81]) and end ([49, 61, 83]) positions of different runs
Comparing run 9 and run 0 for span churn...
Calculating span churn between start ([48, 60, 81]) and end ([49, 61, 94]) positions of different runs
Comparing run 9 and run 1 for span churn...
Calculating span churn between start ([48, 60, 81]) and end ([49, 61, 94]) positions of different runs
Comparing run 9 and run 2 for span churn...
Calculating span churn between start ([48, 60, 81]) and end ([49, 61, 94]) positions of different runs
Comparing run 9 and run 3 for span churn...
Calculating span churn between start ([48, 60, 81]) and end ([49, 61, 94]) positions of different runs
Comparing run 9 and run 4 for span churn...
Calculating span churn between start ([48, 60, 81]) and end ([49, 61, 94]) positions of different runs
Comparing run 9 and run 5 for span churn...
Calculating span churn between start ([48, 60, 81]) and end ([49, 61, 94]) positions of different runs
Comparing run 9 and run 6 for span churn...
Calculating span churn between start ([48, 60, 81]) and end ([49, 61, 94]) positions of different runs
Comparing run 9 and run 7 for span churn...
Calculating span churn between start ([48, 60, 81]) and end ([49, 61, 94]) positions of different runs
Comparing run 9 and run 8 for span churn...
Calculating span churn between start ([48, 60, 81]) and end ([49, 61, 94]) positions of different runs
Comparing run 9 and run 9 for span churn...
Calculating span churn between start ([48, 60, 81]) and end ([49, 61, 94]) positions of different runs
Mean text churn: 0.2817032231490062
No preds and labels found for run
No preds and labels found for run
No preds and labels found for run
No preds and labels found for run
No preds and labels found for run
No preds and labels found for run
No preds and labels found for run
No preds and labels found for run
No preds and labels found for run
No preds and labels found for run

============================= JOB FEEDBACK =============================

NodeName=uc2n909
Job ID: 4974386
Cluster: uc3
User/Group: hd_ea226/hd_hd
State: COMPLETED (exit code 0)
Nodes: 1
Cores per node: 4
CPU Utilized: 00:21:46
CPU Efficiency: 22.12% of 01:38:24 core-walltime
Job Wall-clock time: 00:24:36
Memory Utilized: 1004.44 MB
Memory Efficiency: 6.13% of 16.00 GB (16.00 GB/node)
