Running  with the following configurations: /home/hd/hd_hd/hd_ea226/reprML/config/train-glue-imp.yaml
Deteceted investigating one of noise types:
impl:True, alg:False, both:False, no_control:False
Creating noise results path as:  /pfs/data6/home/hd/hd_hd/hd_ea226/reprML/results/glue/imp
Experiment Configuration:
Model Name: distilbert-base-uncased
Dataset Name: glue
Task Name: sst2
Number of Seeds: 10
Number of Epochs: 3
Number of Samples: -1
Loading model and dataset...
<torch.utils.data.sampler.RandomSampler object at 0x14df2ba6f8c0> with sampler size: 67349
train batches: 2105
val batches: 28
Running training on 67349 samples
Setting torch determ. algorithms: False
Setting cudnn deterministic kernels: False
Running experiment with seed 24
Creating results directory for seed 24 at:  /pfs/data6/home/hd/hd_hd/hd_ea226/reprML/results/glue/imp
Epoch 1: train_acc=0.9123 val_acc=0.8979
Epoch 2: train_acc=0.9609 val_acc=0.9037
Epoch 3: train_acc=0.9765 val_acc=0.8991
Setting torch determ. algorithms: False
Setting cudnn deterministic kernels: False
Running experiment with seed 24
Creating results directory for seed 24 at:  /pfs/data6/home/hd/hd_hd/hd_ea226/reprML/results/glue/imp
Epoch 1: train_acc=0.9802 val_acc=0.8922
Epoch 2: train_acc=0.9885 val_acc=0.8991
Epoch 3: train_acc=0.9911 val_acc=0.8979
Setting torch determ. algorithms: False
Setting cudnn deterministic kernels: False
Running experiment with seed 24
Creating results directory for seed 24 at:  /pfs/data6/home/hd/hd_hd/hd_ea226/reprML/results/glue/imp
Epoch 1: train_acc=0.9951 val_acc=0.9002
Epoch 2: train_acc=0.9956 val_acc=0.8991
Epoch 3: train_acc=0.9953 val_acc=0.8945
Setting torch determ. algorithms: False
Setting cudnn deterministic kernels: False
Running experiment with seed 24
Creating results directory for seed 24 at:  /pfs/data6/home/hd/hd_hd/hd_ea226/reprML/results/glue/imp
Epoch 1: train_acc=0.9978 val_acc=0.8979
Epoch 2: train_acc=0.9976 val_acc=0.8991
Epoch 3: train_acc=0.9969 val_acc=0.9002
Setting torch determ. algorithms: False
Setting cudnn deterministic kernels: False
Running experiment with seed 24
Creating results directory for seed 24 at:  /pfs/data6/home/hd/hd_hd/hd_ea226/reprML/results/glue/imp
Epoch 1: train_acc=0.9981 val_acc=0.8979
Epoch 2: train_acc=0.9979 val_acc=0.8968
Epoch 3: train_acc=0.9976 val_acc=0.8922
Setting torch determ. algorithms: False
Setting cudnn deterministic kernels: False
Running experiment with seed 24
Creating results directory for seed 24 at:  /pfs/data6/home/hd/hd_hd/hd_ea226/reprML/results/glue/imp
Epoch 1: train_acc=0.9989 val_acc=0.8979
Epoch 2: train_acc=0.9990 val_acc=0.9048
Epoch 3: train_acc=0.9982 val_acc=0.8945
Setting torch determ. algorithms: False
Setting cudnn deterministic kernels: False
Running experiment with seed 24
Creating results directory for seed 24 at:  /pfs/data6/home/hd/hd_hd/hd_ea226/reprML/results/glue/imp
Epoch 1: train_acc=0.9991 val_acc=0.9014
Epoch 2: train_acc=0.9987 val_acc=0.8979
Epoch 3: train_acc=0.9985 val_acc=0.8979
Setting torch determ. algorithms: False
Setting cudnn deterministic kernels: False
Running experiment with seed 24
Creating results directory for seed 24 at:  /pfs/data6/home/hd/hd_hd/hd_ea226/reprML/results/glue/imp
Epoch 1: train_acc=0.9992 val_acc=0.8968
Epoch 2: train_acc=0.9993 val_acc=0.8933
Epoch 3: train_acc=0.9988 val_acc=0.8922
Setting torch determ. algorithms: False
Setting cudnn deterministic kernels: False
Running experiment with seed 24
Creating results directory for seed 24 at:  /pfs/data6/home/hd/hd_hd/hd_ea226/reprML/results/glue/imp
Epoch 1: train_acc=0.9995 val_acc=0.8991
Epoch 2: train_acc=0.9994 val_acc=0.8991
Epoch 3: train_acc=0.9990 val_acc=0.8945
Setting torch determ. algorithms: False
Setting cudnn deterministic kernels: False
Running experiment with seed 24
Creating results directory for seed 24 at:  /pfs/data6/home/hd/hd_hd/hd_ea226/reprML/results/glue/imp
Epoch 1: train_acc=0.9996 val_acc=0.8933
Epoch 2: train_acc=0.9992 val_acc=0.9014
Epoch 3: train_acc=0.9991 val_acc=0.8933
Mean false error rate per seed: [np.float64(0.10091743119266056), np.float64(0.10206422018348624), np.float64(0.10550458715596331), np.float64(0.09977064220183486), np.float64(0.10779816513761468), np.float64(0.10550458715596331), np.float64(0.10206422018348624), np.float64(0.10779816513761468), np.float64(0.10550458715596331), np.float64(0.10665137614678899)] (in case of existing preds, labels)
Mean accuracy: 0.8956422018348624
Stddev: 0.002761833618989058
Comparing run 0 and run 0 for normal churn...
Comparing run 0 and run 1 for normal churn...
Comparing run 0 and run 2 for normal churn...
Comparing run 0 and run 3 for normal churn...
Comparing run 0 and run 4 for normal churn...
Comparing run 0 and run 5 for normal churn...
Comparing run 0 and run 6 for normal churn...
Comparing run 0 and run 7 for normal churn...
Comparing run 0 and run 8 for normal churn...
Comparing run 0 and run 9 for normal churn...
Comparing run 1 and run 0 for normal churn...
Comparing run 1 and run 1 for normal churn...
Comparing run 1 and run 2 for normal churn...
Comparing run 1 and run 3 for normal churn...
Comparing run 1 and run 4 for normal churn...
Comparing run 1 and run 5 for normal churn...
Comparing run 1 and run 6 for normal churn...
Comparing run 1 and run 7 for normal churn...
Comparing run 1 and run 8 for normal churn...
Comparing run 1 and run 9 for normal churn...
Comparing run 2 and run 0 for normal churn...
Comparing run 2 and run 1 for normal churn...
Comparing run 2 and run 2 for normal churn...
Comparing run 2 and run 3 for normal churn...
Comparing run 2 and run 4 for normal churn...
Comparing run 2 and run 5 for normal churn...
Comparing run 2 and run 6 for normal churn...
Comparing run 2 and run 7 for normal churn...
Comparing run 2 and run 8 for normal churn...
Comparing run 2 and run 9 for normal churn...
Comparing run 3 and run 0 for normal churn...
Comparing run 3 and run 1 for normal churn...
Comparing run 3 and run 2 for normal churn...
Comparing run 3 and run 3 for normal churn...
Comparing run 3 and run 4 for normal churn...
Comparing run 3 and run 5 for normal churn...
Comparing run 3 and run 6 for normal churn...
Comparing run 3 and run 7 for normal churn...
Comparing run 3 and run 8 for normal churn...
Comparing run 3 and run 9 for normal churn...
Comparing run 4 and run 0 for normal churn...
Comparing run 4 and run 1 for normal churn...
Comparing run 4 and run 2 for normal churn...
Comparing run 4 and run 3 for normal churn...
Comparing run 4 and run 4 for normal churn...
Comparing run 4 and run 5 for normal churn...
Comparing run 4 and run 6 for normal churn...
Comparing run 4 and run 7 for normal churn...
Comparing run 4 and run 8 for normal churn...
Comparing run 4 and run 9 for normal churn...
Comparing run 5 and run 0 for normal churn...
Comparing run 5 and run 1 for normal churn...
Comparing run 5 and run 2 for normal churn...
Comparing run 5 and run 3 for normal churn...
Comparing run 5 and run 4 for normal churn...
Comparing run 5 and run 5 for normal churn...
Comparing run 5 and run 6 for normal churn...
Comparing run 5 and run 7 for normal churn...
Comparing run 5 and run 8 for normal churn...
Comparing run 5 and run 9 for normal churn...
Comparing run 6 and run 0 for normal churn...
Comparing run 6 and run 1 for normal churn...
Comparing run 6 and run 2 for normal churn...
Comparing run 6 and run 3 for normal churn...
Comparing run 6 and run 4 for normal churn...
Comparing run 6 and run 5 for normal churn...
Comparing run 6 and run 6 for normal churn...
Comparing run 6 and run 7 for normal churn...
Comparing run 6 and run 8 for normal churn...
Comparing run 6 and run 9 for normal churn...
Comparing run 7 and run 0 for normal churn...
Comparing run 7 and run 1 for normal churn...
Comparing run 7 and run 2 for normal churn...
Comparing run 7 and run 3 for normal churn...
Comparing run 7 and run 4 for normal churn...
Comparing run 7 and run 5 for normal churn...
Comparing run 7 and run 6 for normal churn...
Comparing run 7 and run 7 for normal churn...
Comparing run 7 and run 8 for normal churn...
Comparing run 7 and run 9 for normal churn...
Comparing run 8 and run 0 for normal churn...
Comparing run 8 and run 1 for normal churn...
Comparing run 8 and run 2 for normal churn...
Comparing run 8 and run 3 for normal churn...
Comparing run 8 and run 4 for normal churn...
Comparing run 8 and run 5 for normal churn...
Comparing run 8 and run 6 for normal churn...
Comparing run 8 and run 7 for normal churn...
Comparing run 8 and run 8 for normal churn...
Comparing run 8 and run 9 for normal churn...
Comparing run 9 and run 0 for normal churn...
Comparing run 9 and run 1 for normal churn...
Comparing run 9 and run 2 for normal churn...
Comparing run 9 and run 3 for normal churn...
Comparing run 9 and run 4 for normal churn...
Comparing run 9 and run 5 for normal churn...
Comparing run 9 and run 6 for normal churn...
Comparing run 9 and run 7 for normal churn...
Comparing run 9 and run 8 for normal churn...
Comparing run 9 and run 9 for normal churn...
Mean churn: 0.044954128440366975
Mean L2 divergence: 1.545429481400384
Preds and labels found for run
Preds and labels found for run
Preds and labels found for run
Preds and labels found for run
Preds and labels found for run
Preds and labels found for run
Preds and labels found for run
Preds and labels found for run
Preds and labels found for run
Preds and labels found for run
FP stddev: 3.5227829907617076
Unstable FP samples: [ 22  64  82  92  95 107 115 118 121 158 171 183 218 274 292 312 356 395
 399 405 449 478 494 513 519 527 544 579 580 604 612 617 618 645 646 692
 695 704 707 724 733 735 736 764 771 791 832 846 862]
FP churn: 0.34193594189575394
FN churn: 0.3659880072145806

============================= JOB FEEDBACK =============================

NodeName=uc2n905
Job ID: 5019544
Cluster: uc3
User/Group: hd_ea226/hd_hd
State: COMPLETED (exit code 0)
Nodes: 1
Cores per node: 4
CPU Utilized: 01:19:42
CPU Efficiency: 23.57% of 05:38:08 core-walltime
Job Wall-clock time: 01:24:32
Memory Utilized: 1.01 GB
Memory Efficiency: 6.29% of 16.00 GB (16.00 GB/node)
