Enabling deterministic CuBLAS
:4096:8
Running  with the following configurations: /home/hd/hd_hd/hd_ea226/reprML/config/train-squad-determ.yaml
Deteceted investigating one of noise types:
impl:True, alg:True, both:True, no_control:False
Creating noise results path as:  /pfs/data6/home/hd/hd_hd/hd_ea226/reprML/results/squad/both
Experiment Configuration:
Model Name: roberta-base
Dataset Name: squad
Task Name: plain_text
Number of Seeds: 10
Number of Epochs: 2
Number of Samples: -1
Loading model and dataset...
<torch.utils.data.sampler.RandomSampler object at 0x14a2fe0e06e0> with sampler size: 87599
train batches: 10950
val batches: 675
Running training on 88568 samples
Setting torch determ. algorithms: True
Setting cudnn deterministic kernels: True
Setting fixed precision to float32
Running experiment with seed 42
Epoch 1: train_acc=0.0000 val_loss=5.3823
Epoch 2: train_acc=0.0000 val_loss=5.4488
Setting torch determ. algorithms: True
Setting cudnn deterministic kernels: True
Setting fixed precision to float32
Running experiment with seed 42
Epoch 1: train_acc=0.0000 val_loss=6.0676
Epoch 2: train_acc=0.0000 val_loss=5.8737
Setting torch determ. algorithms: True
Setting cudnn deterministic kernels: True
Setting fixed precision to float32
Running experiment with seed 42
Epoch 1: train_acc=0.0000 val_loss=9.9090
Epoch 2: train_acc=0.0000 val_loss=7.6789
Setting torch determ. algorithms: True
Setting cudnn deterministic kernels: True
Setting fixed precision to float32
Running experiment with seed 42
Epoch 1: train_acc=0.0000 val_loss=6.0308
Epoch 2: train_acc=0.0000 val_loss=5.9538
Setting torch determ. algorithms: True
Setting cudnn deterministic kernels: True
Setting fixed precision to float32
Running experiment with seed 42
Epoch 1: train_acc=0.0000 val_loss=6.1198
Epoch 2: train_acc=0.0000 val_loss=5.9604
Setting torch determ. algorithms: True
Setting cudnn deterministic kernels: True
Setting fixed precision to float32
Running experiment with seed 42
Epoch 1: train_acc=0.0000 val_loss=5.9796
Epoch 2: train_acc=0.0000 val_loss=5.9404
Setting torch determ. algorithms: True
Setting cudnn deterministic kernels: True
Setting fixed precision to float32
Running experiment with seed 42
Epoch 1: train_acc=0.0000 val_loss=14.5071
Epoch 2: train_acc=0.0000 val_loss=20.8131
Setting torch determ. algorithms: True
Setting cudnn deterministic kernels: True
Setting fixed precision to float32
Running experiment with seed 42
Epoch 1: train_acc=0.0000 val_loss=12.7813
Epoch 2: train_acc=0.0000 val_loss=14.1858
Setting torch determ. algorithms: True
Setting cudnn deterministic kernels: True
Setting fixed precision to float32
Running experiment with seed 42
Epoch 1: train_acc=0.0000 val_loss=12.2817
Epoch 2: train_acc=0.0000 val_loss=11.9748
Setting torch determ. algorithms: True
Setting cudnn deterministic kernels: True
Setting fixed precision to float32
Running experiment with seed 42
Epoch 1: train_acc=0.0000 val_loss=14.9583
Epoch 2: train_acc=0.0000 val_loss=14.3730
Mean false error rate per seed: [np.float64(0.0), np.float64(0.0), np.float64(0.0), np.float64(0.0), np.float64(0.0), np.float64(0.0), np.float64(0.0), np.float64(0.0), np.float64(0.0), np.float64(0.0)] (in case of existing preds, labels)
Comparing run 0 and run 0 for span churn...
Calculating span churn between start ([48, 60, 91]) and end ([49, 61, 94]) positions of different runs
Comparing run 0 and run 1 for span churn...
Calculating span churn between start ([48, 60, 91]) and end ([49, 61, 94]) positions of different runs
Comparing run 0 and run 2 for span churn...
Calculating span churn between start ([48, 60, 91]) and end ([49, 61, 94]) positions of different runs
Comparing run 0 and run 3 for span churn...
Calculating span churn between start ([48, 60, 91]) and end ([49, 61, 94]) positions of different runs
Comparing run 0 and run 4 for span churn...
Calculating span churn between start ([48, 60, 91]) and end ([49, 61, 94]) positions of different runs
Comparing run 0 and run 5 for span churn...
Calculating span churn between start ([48, 60, 91]) and end ([49, 61, 94]) positions of different runs
Comparing run 0 and run 6 for span churn...
Calculating span churn between start ([48, 60, 91]) and end ([49, 61, 94]) positions of different runs
Comparing run 0 and run 7 for span churn...
Calculating span churn between start ([48, 60, 91]) and end ([49, 61, 94]) positions of different runs
Comparing run 0 and run 8 for span churn...
Calculating span churn between start ([48, 60, 91]) and end ([49, 61, 94]) positions of different runs
Comparing run 0 and run 9 for span churn...
Calculating span churn between start ([48, 60, 91]) and end ([49, 61, 94]) positions of different runs
Comparing run 1 and run 0 for span churn...
Calculating span churn between start ([48, 60, 91]) and end ([49, 61, 94]) positions of different runs
Comparing run 1 and run 1 for span churn...
Calculating span churn between start ([48, 60, 91]) and end ([49, 61, 94]) positions of different runs
Comparing run 1 and run 2 for span churn...
Calculating span churn between start ([48, 60, 91]) and end ([49, 61, 94]) positions of different runs
Comparing run 1 and run 3 for span churn...
Calculating span churn between start ([48, 60, 91]) and end ([49, 61, 94]) positions of different runs
Comparing run 1 and run 4 for span churn...
Calculating span churn between start ([48, 60, 91]) and end ([49, 61, 94]) positions of different runs
Comparing run 1 and run 5 for span churn...
Calculating span churn between start ([48, 60, 91]) and end ([49, 61, 94]) positions of different runs
Comparing run 1 and run 6 for span churn...
Calculating span churn between start ([48, 60, 91]) and end ([49, 61, 94]) positions of different runs
Comparing run 1 and run 7 for span churn...
Calculating span churn between start ([48, 60, 91]) and end ([49, 61, 94]) positions of different runs
Comparing run 1 and run 8 for span churn...
Calculating span churn between start ([48, 60, 91]) and end ([49, 61, 94]) positions of different runs
Comparing run 1 and run 9 for span churn...
Calculating span churn between start ([48, 60, 91]) and end ([49, 61, 94]) positions of different runs
Comparing run 2 and run 0 for span churn...
Calculating span churn between start ([48, 60, 91]) and end ([49, 61, 94]) positions of different runs
Comparing run 2 and run 1 for span churn...
Calculating span churn between start ([48, 60, 91]) and end ([49, 61, 94]) positions of different runs
Comparing run 2 and run 2 for span churn...
Calculating span churn between start ([48, 60, 91]) and end ([49, 61, 94]) positions of different runs
Comparing run 2 and run 3 for span churn...
Calculating span churn between start ([48, 60, 91]) and end ([49, 61, 94]) positions of different runs
Comparing run 2 and run 4 for span churn...
Calculating span churn between start ([48, 60, 91]) and end ([49, 61, 94]) positions of different runs
Comparing run 2 and run 5 for span churn...
Calculating span churn between start ([48, 60, 91]) and end ([49, 61, 94]) positions of different runs
Comparing run 2 and run 6 for span churn...
Calculating span churn between start ([48, 60, 91]) and end ([49, 61, 94]) positions of different runs
Comparing run 2 and run 7 for span churn...
Calculating span churn between start ([48, 60, 91]) and end ([49, 61, 94]) positions of different runs
Comparing run 2 and run 8 for span churn...
Calculating span churn between start ([48, 60, 91]) and end ([49, 61, 94]) positions of different runs
Comparing run 2 and run 9 for span churn...
Calculating span churn between start ([48, 60, 91]) and end ([49, 61, 94]) positions of different runs
Comparing run 3 and run 0 for span churn...
Calculating span churn between start ([48, 60, 91]) and end ([49, 61, 94]) positions of different runs
Comparing run 3 and run 1 for span churn...
Calculating span churn between start ([48, 60, 91]) and end ([49, 61, 94]) positions of different runs
Comparing run 3 and run 2 for span churn...
Calculating span churn between start ([48, 60, 91]) and end ([49, 61, 94]) positions of different runs
Comparing run 3 and run 3 for span churn...
Calculating span churn between start ([48, 60, 91]) and end ([49, 61, 94]) positions of different runs
Comparing run 3 and run 4 for span churn...
Calculating span churn between start ([48, 60, 91]) and end ([49, 61, 94]) positions of different runs
Comparing run 3 and run 5 for span churn...
Calculating span churn between start ([48, 60, 91]) and end ([49, 61, 94]) positions of different runs
Comparing run 3 and run 6 for span churn...
Calculating span churn between start ([48, 60, 91]) and end ([49, 61, 94]) positions of different runs
Comparing run 3 and run 7 for span churn...
Calculating span churn between start ([48, 60, 91]) and end ([49, 61, 94]) positions of different runs
Comparing run 3 and run 8 for span churn...
Calculating span churn between start ([48, 60, 91]) and end ([49, 61, 94]) positions of different runs
Comparing run 3 and run 9 for span churn...
Calculating span churn between start ([48, 60, 91]) and end ([49, 61, 94]) positions of different runs
Comparing run 4 and run 0 for span churn...
Calculating span churn between start ([48, 60, 91]) and end ([49, 61, 94]) positions of different runs
Comparing run 4 and run 1 for span churn...
Calculating span churn between start ([48, 60, 91]) and end ([49, 61, 94]) positions of different runs
Comparing run 4 and run 2 for span churn...
Calculating span churn between start ([48, 60, 91]) and end ([49, 61, 94]) positions of different runs
Comparing run 4 and run 3 for span churn...
Calculating span churn between start ([48, 60, 91]) and end ([49, 61, 94]) positions of different runs
Comparing run 4 and run 4 for span churn...
Calculating span churn between start ([48, 60, 91]) and end ([49, 61, 94]) positions of different runs
Comparing run 4 and run 5 for span churn...
Calculating span churn between start ([48, 60, 91]) and end ([49, 61, 94]) positions of different runs
Comparing run 4 and run 6 for span churn...
Calculating span churn between start ([48, 60, 91]) and end ([49, 61, 94]) positions of different runs
Comparing run 4 and run 7 for span churn...
Calculating span churn between start ([48, 60, 91]) and end ([49, 61, 94]) positions of different runs
Comparing run 4 and run 8 for span churn...
Calculating span churn between start ([48, 60, 91]) and end ([49, 61, 94]) positions of different runs
Comparing run 4 and run 9 for span churn...
Calculating span churn between start ([48, 60, 91]) and end ([49, 61, 94]) positions of different runs
Comparing run 5 and run 0 for span churn...
Calculating span churn between start ([48, 60, 91]) and end ([49, 61, 94]) positions of different runs
Comparing run 5 and run 1 for span churn...
Calculating span churn between start ([48, 60, 91]) and end ([49, 61, 94]) positions of different runs
Comparing run 5 and run 2 for span churn...
Calculating span churn between start ([48, 60, 91]) and end ([49, 61, 94]) positions of different runs
Comparing run 5 and run 3 for span churn...
Calculating span churn between start ([48, 60, 91]) and end ([49, 61, 94]) positions of different runs
Comparing run 5 and run 4 for span churn...
Calculating span churn between start ([48, 60, 91]) and end ([49, 61, 94]) positions of different runs
Comparing run 5 and run 5 for span churn...
Calculating span churn between start ([48, 60, 91]) and end ([49, 61, 94]) positions of different runs
Comparing run 5 and run 6 for span churn...
Calculating span churn between start ([48, 60, 91]) and end ([49, 61, 94]) positions of different runs
Comparing run 5 and run 7 for span churn...
Calculating span churn between start ([48, 60, 91]) and end ([49, 61, 94]) positions of different runs
Comparing run 5 and run 8 for span churn...
Calculating span churn between start ([48, 60, 91]) and end ([49, 61, 94]) positions of different runs
Comparing run 5 and run 9 for span churn...
Calculating span churn between start ([48, 60, 91]) and end ([49, 61, 94]) positions of different runs
Comparing run 6 and run 0 for span churn...
Calculating span churn between start ([48, 60, 91]) and end ([49, 61, 94]) positions of different runs
Comparing run 6 and run 1 for span churn...
Calculating span churn between start ([48, 60, 91]) and end ([49, 61, 94]) positions of different runs
Comparing run 6 and run 2 for span churn...
Calculating span churn between start ([48, 60, 91]) and end ([49, 61, 94]) positions of different runs
Comparing run 6 and run 3 for span churn...
Calculating span churn between start ([48, 60, 91]) and end ([49, 61, 94]) positions of different runs
Comparing run 6 and run 4 for span churn...
Calculating span churn between start ([48, 60, 91]) and end ([49, 61, 94]) positions of different runs
Comparing run 6 and run 5 for span churn...
Calculating span churn between start ([48, 60, 91]) and end ([49, 61, 94]) positions of different runs
Comparing run 6 and run 6 for span churn...
Calculating span churn between start ([48, 60, 91]) and end ([49, 61, 94]) positions of different runs
Comparing run 6 and run 7 for span churn...
Calculating span churn between start ([48, 60, 91]) and end ([49, 61, 94]) positions of different runs
Comparing run 6 and run 8 for span churn...
Calculating span churn between start ([48, 60, 91]) and end ([49, 61, 94]) positions of different runs
Comparing run 6 and run 9 for span churn...
Calculating span churn between start ([48, 60, 91]) and end ([49, 61, 94]) positions of different runs
Comparing run 7 and run 0 for span churn...
Calculating span churn between start ([48, 60, 91]) and end ([49, 61, 94]) positions of different runs
Comparing run 7 and run 1 for span churn...
Calculating span churn between start ([48, 60, 91]) and end ([49, 61, 94]) positions of different runs
Comparing run 7 and run 2 for span churn...
Calculating span churn between start ([48, 60, 91]) and end ([49, 61, 94]) positions of different runs
Comparing run 7 and run 3 for span churn...
Calculating span churn between start ([48, 60, 91]) and end ([49, 61, 94]) positions of different runs
Comparing run 7 and run 4 for span churn...
Calculating span churn between start ([48, 60, 91]) and end ([49, 61, 94]) positions of different runs
Comparing run 7 and run 5 for span churn...
Calculating span churn between start ([48, 60, 91]) and end ([49, 61, 94]) positions of different runs
Comparing run 7 and run 6 for span churn...
Calculating span churn between start ([48, 60, 91]) and end ([49, 61, 94]) positions of different runs
Comparing run 7 and run 7 for span churn...
Calculating span churn between start ([48, 60, 91]) and end ([49, 61, 94]) positions of different runs
Comparing run 7 and run 8 for span churn...
Calculating span churn between start ([48, 60, 91]) and end ([49, 61, 94]) positions of different runs
Comparing run 7 and run 9 for span churn...
Calculating span churn between start ([48, 60, 91]) and end ([49, 61, 94]) positions of different runs
Comparing run 8 and run 0 for span churn...
Calculating span churn between start ([48, 60, 91]) and end ([49, 61, 94]) positions of different runs
Comparing run 8 and run 1 for span churn...
Calculating span churn between start ([48, 60, 91]) and end ([49, 61, 94]) positions of different runs
Comparing run 8 and run 2 for span churn...
Calculating span churn between start ([48, 60, 91]) and end ([49, 61, 94]) positions of different runs
Comparing run 8 and run 3 for span churn...
Calculating span churn between start ([48, 60, 91]) and end ([49, 61, 94]) positions of different runs
Comparing run 8 and run 4 for span churn...
Calculating span churn between start ([48, 60, 91]) and end ([49, 61, 94]) positions of different runs
Comparing run 8 and run 5 for span churn...
Calculating span churn between start ([48, 60, 91]) and end ([49, 61, 94]) positions of different runs
Comparing run 8 and run 6 for span churn...
Calculating span churn between start ([48, 60, 91]) and end ([49, 61, 94]) positions of different runs
Comparing run 8 and run 7 for span churn...
Calculating span churn between start ([48, 60, 91]) and end ([49, 61, 94]) positions of different runs
Comparing run 8 and run 8 for span churn...
Calculating span churn between start ([48, 60, 91]) and end ([49, 61, 94]) positions of different runs
Comparing run 8 and run 9 for span churn...
Calculating span churn between start ([48, 60, 91]) and end ([49, 61, 94]) positions of different runs
Comparing run 9 and run 0 for span churn...
Calculating span churn between start ([48, 60, 91]) and end ([49, 61, 94]) positions of different runs
Comparing run 9 and run 1 for span churn...
Calculating span churn between start ([48, 60, 91]) and end ([49, 61, 94]) positions of different runs
Comparing run 9 and run 2 for span churn...
Calculating span churn between start ([48, 60, 91]) and end ([49, 61, 94]) positions of different runs
Comparing run 9 and run 3 for span churn...
Calculating span churn between start ([48, 60, 91]) and end ([49, 61, 94]) positions of different runs
Comparing run 9 and run 4 for span churn...
Calculating span churn between start ([48, 60, 91]) and end ([49, 61, 94]) positions of different runs
Comparing run 9 and run 5 for span churn...
Calculating span churn between start ([48, 60, 91]) and end ([49, 61, 94]) positions of different runs
Comparing run 9 and run 6 for span churn...
Calculating span churn between start ([48, 60, 91]) and end ([49, 61, 94]) positions of different runs
Comparing run 9 and run 7 for span churn...
Calculating span churn between start ([48, 60, 91]) and end ([49, 61, 94]) positions of different runs
Comparing run 9 and run 8 for span churn...
Calculating span churn between start ([48, 60, 91]) and end ([49, 61, 94]) positions of different runs
Comparing run 9 and run 9 for span churn...
Calculating span churn between start ([48, 60, 91]) and end ([49, 61, 94]) positions of different runs
Mean text churn: 0.0
No preds and labels found for run
No preds and labels found for run
No preds and labels found for run
No preds and labels found for run
No preds and labels found for run
No preds and labels found for run
No preds and labels found for run
No preds and labels found for run
No preds and labels found for run
No preds and labels found for run

============================= JOB FEEDBACK =============================

NodeName=uc2n905
Job ID: 4952175
Cluster: uc3
User/Group: hd_ea226/hd_hd
State: COMPLETED (exit code 0)
Nodes: 1
Cores per node: 4
CPU Utilized: 08:43:12
CPU Efficiency: 24.76% of 1-11:13:12 core-walltime
Job Wall-clock time: 08:48:18
Memory Utilized: 976.51 MB
Memory Efficiency: 5.96% of 16.00 GB (16.00 GB/node)
