Running  with the following configurations: /home/hd/hd_hd/hd_ea226/reprML/config/train-squad-imp.yaml
Deteceted investigating one of noise types:
impl:True, alg:False, both:False, no_control:False
Creating noise results path as:  /pfs/data6/home/hd/hd_hd/hd_ea226/reprML/results/squad/imp
Experiment Configuration:
Model Name: roberta-base
Dataset Name: squad
Task Name: plain_text
Number of Seeds: 10
Number of Epochs: 2
Number of Samples: -1
Loading model and dataset...
<torch.utils.data.sampler.RandomSampler object at 0x146934b6f740> with sampler size: 87599
train batches: 10950
val batches: 675
Running training on 88568 samples
Setting torch determ. algorithms: False
Setting cudnn deterministic kernels: False
Running experiment with seed 42
Epoch 1: train_acc=0.0000 val_loss=0.8635
Epoch 2: train_acc=0.0000 val_loss=0.8186
Setting torch determ. algorithms: False
Setting cudnn deterministic kernels: False
Running experiment with seed 42
Epoch 1: train_acc=0.0000 val_loss=1.0313
Epoch 2: train_acc=0.0000 val_loss=0.9614
Setting torch determ. algorithms: False
Setting cudnn deterministic kernels: False
Running experiment with seed 42
Epoch 1: train_acc=0.0000 val_loss=1.2918
Epoch 2: train_acc=0.0000 val_loss=1.1402
Setting torch determ. algorithms: False
Setting cudnn deterministic kernels: False
Running experiment with seed 42
Epoch 1: train_acc=0.0000 val_loss=1.5598
Epoch 2: train_acc=0.0000 val_loss=1.2811
Setting torch determ. algorithms: False
Setting cudnn deterministic kernels: False
Running experiment with seed 42
Epoch 1: train_acc=0.0000 val_loss=1.9455
Epoch 2: train_acc=0.0000 val_loss=1.4057
Setting torch determ. algorithms: False
Setting cudnn deterministic kernels: False
Running experiment with seed 42
Epoch 1: train_acc=0.0000 val_loss=1.9459
Epoch 2: train_acc=0.0000 val_loss=1.4990
Setting torch determ. algorithms: False
Setting cudnn deterministic kernels: False
Running experiment with seed 42
Epoch 1: train_acc=0.0000 val_loss=1.9288
Epoch 2: train_acc=0.0000 val_loss=1.5402
Setting torch determ. algorithms: False
Setting cudnn deterministic kernels: False
Running experiment with seed 42
Epoch 1: train_acc=0.0000 val_loss=2.0399
Epoch 2: train_acc=0.0000 val_loss=1.6613
Setting torch determ. algorithms: False
Setting cudnn deterministic kernels: False
Running experiment with seed 42
Epoch 1: train_acc=0.0000 val_loss=2.0405
Epoch 2: train_acc=0.0000 val_loss=1.6773
Setting torch determ. algorithms: False
Setting cudnn deterministic kernels: False
Running experiment with seed 42
Epoch 1: train_acc=0.0000 val_loss=2.3078
Epoch 2: train_acc=0.0000 val_loss=1.7248
Mean false error rate per seed: [np.float64(0.0), np.float64(0.0), np.float64(0.0), np.float64(0.0), np.float64(0.0), np.float64(0.0), np.float64(0.0), np.float64(0.0), np.float64(0.0), np.float64(0.0)] (in case of existing preds, labels)
Comparing run 0 and run 0 for span churn...
Calculating span churn between start ([48, 48, 91]) and end ([49, 49, 94]) positions of different runs
Comparing run 0 and run 1 for span churn...
Calculating span churn between start ([48, 48, 91]) and end ([49, 49, 94]) positions of different runs
Comparing run 0 and run 2 for span churn...
Calculating span churn between start ([48, 48, 91]) and end ([49, 49, 94]) positions of different runs
Comparing run 0 and run 3 for span churn...
Calculating span churn between start ([48, 48, 91]) and end ([49, 49, 94]) positions of different runs
Comparing run 0 and run 4 for span churn...
Calculating span churn between start ([48, 48, 91]) and end ([49, 49, 94]) positions of different runs
Comparing run 0 and run 5 for span churn...
Calculating span churn between start ([48, 48, 91]) and end ([49, 49, 94]) positions of different runs
Comparing run 0 and run 6 for span churn...
Calculating span churn between start ([48, 48, 91]) and end ([49, 49, 94]) positions of different runs
Comparing run 0 and run 7 for span churn...
Calculating span churn between start ([48, 48, 91]) and end ([49, 49, 94]) positions of different runs
Comparing run 0 and run 8 for span churn...
Calculating span churn between start ([48, 48, 91]) and end ([49, 49, 94]) positions of different runs
Comparing run 0 and run 9 for span churn...
Calculating span churn between start ([48, 48, 91]) and end ([49, 49, 94]) positions of different runs
Comparing run 1 and run 0 for span churn...
Calculating span churn between start ([48, 60, 91]) and end ([49, 61, 94]) positions of different runs
Comparing run 1 and run 1 for span churn...
Calculating span churn between start ([48, 60, 91]) and end ([49, 61, 94]) positions of different runs
Comparing run 1 and run 2 for span churn...
Calculating span churn between start ([48, 60, 91]) and end ([49, 61, 94]) positions of different runs
Comparing run 1 and run 3 for span churn...
Calculating span churn between start ([48, 60, 91]) and end ([49, 61, 94]) positions of different runs
Comparing run 1 and run 4 for span churn...
Calculating span churn between start ([48, 60, 91]) and end ([49, 61, 94]) positions of different runs
Comparing run 1 and run 5 for span churn...
Calculating span churn between start ([48, 60, 91]) and end ([49, 61, 94]) positions of different runs
Comparing run 1 and run 6 for span churn...
Calculating span churn between start ([48, 60, 91]) and end ([49, 61, 94]) positions of different runs
Comparing run 1 and run 7 for span churn...
Calculating span churn between start ([48, 60, 91]) and end ([49, 61, 94]) positions of different runs
Comparing run 1 and run 8 for span churn...
Calculating span churn between start ([48, 60, 91]) and end ([49, 61, 94]) positions of different runs
Comparing run 1 and run 9 for span churn...
Calculating span churn between start ([48, 60, 91]) and end ([49, 61, 94]) positions of different runs
Comparing run 2 and run 0 for span churn...
Calculating span churn between start ([48, 60, 91]) and end ([49, 61, 94]) positions of different runs
Comparing run 2 and run 1 for span churn...
Calculating span churn between start ([48, 60, 91]) and end ([49, 61, 94]) positions of different runs
Comparing run 2 and run 2 for span churn...
Calculating span churn between start ([48, 60, 91]) and end ([49, 61, 94]) positions of different runs
Comparing run 2 and run 3 for span churn...
Calculating span churn between start ([48, 60, 91]) and end ([49, 61, 94]) positions of different runs
Comparing run 2 and run 4 for span churn...
Calculating span churn between start ([48, 60, 91]) and end ([49, 61, 94]) positions of different runs
Comparing run 2 and run 5 for span churn...
Calculating span churn between start ([48, 60, 91]) and end ([49, 61, 94]) positions of different runs
Comparing run 2 and run 6 for span churn...
Calculating span churn between start ([48, 60, 91]) and end ([49, 61, 94]) positions of different runs
Comparing run 2 and run 7 for span churn...
Calculating span churn between start ([48, 60, 91]) and end ([49, 61, 94]) positions of different runs
Comparing run 2 and run 8 for span churn...
Calculating span churn between start ([48, 60, 91]) and end ([49, 61, 94]) positions of different runs
Comparing run 2 and run 9 for span churn...
Calculating span churn between start ([48, 60, 91]) and end ([49, 61, 94]) positions of different runs
Comparing run 3 and run 0 for span churn...
Calculating span churn between start ([48, 60, 91]) and end ([49, 61, 94]) positions of different runs
Comparing run 3 and run 1 for span churn...
Calculating span churn between start ([48, 60, 91]) and end ([49, 61, 94]) positions of different runs
Comparing run 3 and run 2 for span churn...
Calculating span churn between start ([48, 60, 91]) and end ([49, 61, 94]) positions of different runs
Comparing run 3 and run 3 for span churn...
Calculating span churn between start ([48, 60, 91]) and end ([49, 61, 94]) positions of different runs
Comparing run 3 and run 4 for span churn...
Calculating span churn between start ([48, 60, 91]) and end ([49, 61, 94]) positions of different runs
Comparing run 3 and run 5 for span churn...
Calculating span churn between start ([48, 60, 91]) and end ([49, 61, 94]) positions of different runs
Comparing run 3 and run 6 for span churn...
Calculating span churn between start ([48, 60, 91]) and end ([49, 61, 94]) positions of different runs
Comparing run 3 and run 7 for span churn...
Calculating span churn between start ([48, 60, 91]) and end ([49, 61, 94]) positions of different runs
Comparing run 3 and run 8 for span churn...
Calculating span churn between start ([48, 60, 91]) and end ([49, 61, 94]) positions of different runs
Comparing run 3 and run 9 for span churn...
Calculating span churn between start ([48, 60, 91]) and end ([49, 61, 94]) positions of different runs
Comparing run 4 and run 0 for span churn...
Calculating span churn between start ([48, 48, 91]) and end ([49, 49, 94]) positions of different runs
Comparing run 4 and run 1 for span churn...
Calculating span churn between start ([48, 48, 91]) and end ([49, 49, 94]) positions of different runs
Comparing run 4 and run 2 for span churn...
Calculating span churn between start ([48, 48, 91]) and end ([49, 49, 94]) positions of different runs
Comparing run 4 and run 3 for span churn...
Calculating span churn between start ([48, 48, 91]) and end ([49, 49, 94]) positions of different runs
Comparing run 4 and run 4 for span churn...
Calculating span churn between start ([48, 48, 91]) and end ([49, 49, 94]) positions of different runs
Comparing run 4 and run 5 for span churn...
Calculating span churn between start ([48, 48, 91]) and end ([49, 49, 94]) positions of different runs
Comparing run 4 and run 6 for span churn...
Calculating span churn between start ([48, 48, 91]) and end ([49, 49, 94]) positions of different runs
Comparing run 4 and run 7 for span churn...
Calculating span churn between start ([48, 48, 91]) and end ([49, 49, 94]) positions of different runs
Comparing run 4 and run 8 for span churn...
Calculating span churn between start ([48, 48, 91]) and end ([49, 49, 94]) positions of different runs
Comparing run 4 and run 9 for span churn...
Calculating span churn between start ([48, 48, 91]) and end ([49, 49, 94]) positions of different runs
Comparing run 5 and run 0 for span churn...
Calculating span churn between start ([48, 48, 81]) and end ([49, 49, 83]) positions of different runs
Comparing run 5 and run 1 for span churn...
Calculating span churn between start ([48, 48, 81]) and end ([49, 49, 83]) positions of different runs
Comparing run 5 and run 2 for span churn...
Calculating span churn between start ([48, 48, 81]) and end ([49, 49, 83]) positions of different runs
Comparing run 5 and run 3 for span churn...
Calculating span churn between start ([48, 48, 81]) and end ([49, 49, 83]) positions of different runs
Comparing run 5 and run 4 for span churn...
Calculating span churn between start ([48, 48, 81]) and end ([49, 49, 83]) positions of different runs
Comparing run 5 and run 5 for span churn...
Calculating span churn between start ([48, 48, 81]) and end ([49, 49, 83]) positions of different runs
Comparing run 5 and run 6 for span churn...
Calculating span churn between start ([48, 48, 81]) and end ([49, 49, 83]) positions of different runs
Comparing run 5 and run 7 for span churn...
Calculating span churn between start ([48, 48, 81]) and end ([49, 49, 83]) positions of different runs
Comparing run 5 and run 8 for span churn...
Calculating span churn between start ([48, 48, 81]) and end ([49, 49, 83]) positions of different runs
Comparing run 5 and run 9 for span churn...
Calculating span churn between start ([48, 48, 81]) and end ([49, 49, 83]) positions of different runs
Comparing run 6 and run 0 for span churn...
Calculating span churn between start ([48, 60, 81]) and end ([49, 61, 83]) positions of different runs
Comparing run 6 and run 1 for span churn...
Calculating span churn between start ([48, 60, 81]) and end ([49, 61, 83]) positions of different runs
Comparing run 6 and run 2 for span churn...
Calculating span churn between start ([48, 60, 81]) and end ([49, 61, 83]) positions of different runs
Comparing run 6 and run 3 for span churn...
Calculating span churn between start ([48, 60, 81]) and end ([49, 61, 83]) positions of different runs
Comparing run 6 and run 4 for span churn...
Calculating span churn between start ([48, 60, 81]) and end ([49, 61, 83]) positions of different runs
Comparing run 6 and run 5 for span churn...
Calculating span churn between start ([48, 60, 81]) and end ([49, 61, 83]) positions of different runs
Comparing run 6 and run 6 for span churn...
Calculating span churn between start ([48, 60, 81]) and end ([49, 61, 83]) positions of different runs
Comparing run 6 and run 7 for span churn...
Calculating span churn between start ([48, 60, 81]) and end ([49, 61, 83]) positions of different runs
Comparing run 6 and run 8 for span churn...
Calculating span churn between start ([48, 60, 81]) and end ([49, 61, 83]) positions of different runs
Comparing run 6 and run 9 for span churn...
Calculating span churn between start ([48, 60, 81]) and end ([49, 61, 83]) positions of different runs
Comparing run 7 and run 0 for span churn...
Calculating span churn between start ([48, 60, 81]) and end ([49, 61, 83]) positions of different runs
Comparing run 7 and run 1 for span churn...
Calculating span churn between start ([48, 60, 81]) and end ([49, 61, 83]) positions of different runs
Comparing run 7 and run 2 for span churn...
Calculating span churn between start ([48, 60, 81]) and end ([49, 61, 83]) positions of different runs
Comparing run 7 and run 3 for span churn...
Calculating span churn between start ([48, 60, 81]) and end ([49, 61, 83]) positions of different runs
Comparing run 7 and run 4 for span churn...
Calculating span churn between start ([48, 60, 81]) and end ([49, 61, 83]) positions of different runs
Comparing run 7 and run 5 for span churn...
Calculating span churn between start ([48, 60, 81]) and end ([49, 61, 83]) positions of different runs
Comparing run 7 and run 6 for span churn...
Calculating span churn between start ([48, 60, 81]) and end ([49, 61, 83]) positions of different runs
Comparing run 7 and run 7 for span churn...
Calculating span churn between start ([48, 60, 81]) and end ([49, 61, 83]) positions of different runs
Comparing run 7 and run 8 for span churn...
Calculating span churn between start ([48, 60, 81]) and end ([49, 61, 83]) positions of different runs
Comparing run 7 and run 9 for span churn...
Calculating span churn between start ([48, 60, 81]) and end ([49, 61, 83]) positions of different runs
Comparing run 8 and run 0 for span churn...
Calculating span churn between start ([48, 48, 81]) and end ([49, 49, 83]) positions of different runs
Comparing run 8 and run 1 for span churn...
Calculating span churn between start ([48, 48, 81]) and end ([49, 49, 83]) positions of different runs
Comparing run 8 and run 2 for span churn...
Calculating span churn between start ([48, 48, 81]) and end ([49, 49, 83]) positions of different runs
Comparing run 8 and run 3 for span churn...
Calculating span churn between start ([48, 48, 81]) and end ([49, 49, 83]) positions of different runs
Comparing run 8 and run 4 for span churn...
Calculating span churn between start ([48, 48, 81]) and end ([49, 49, 83]) positions of different runs
Comparing run 8 and run 5 for span churn...
Calculating span churn between start ([48, 48, 81]) and end ([49, 49, 83]) positions of different runs
Comparing run 8 and run 6 for span churn...
Calculating span churn between start ([48, 48, 81]) and end ([49, 49, 83]) positions of different runs
Comparing run 8 and run 7 for span churn...
Calculating span churn between start ([48, 48, 81]) and end ([49, 49, 83]) positions of different runs
Comparing run 8 and run 8 for span churn...
Calculating span churn between start ([48, 48, 81]) and end ([49, 49, 83]) positions of different runs
Comparing run 8 and run 9 for span churn...
Calculating span churn between start ([48, 48, 81]) and end ([49, 49, 83]) positions of different runs
Comparing run 9 and run 0 for span churn...
Calculating span churn between start ([48, 48, 80]) and end ([49, 49, 83]) positions of different runs
Comparing run 9 and run 1 for span churn...
Calculating span churn between start ([48, 48, 80]) and end ([49, 49, 83]) positions of different runs
Comparing run 9 and run 2 for span churn...
Calculating span churn between start ([48, 48, 80]) and end ([49, 49, 83]) positions of different runs
Comparing run 9 and run 3 for span churn...
Calculating span churn between start ([48, 48, 80]) and end ([49, 49, 83]) positions of different runs
Comparing run 9 and run 4 for span churn...
Calculating span churn between start ([48, 48, 80]) and end ([49, 49, 83]) positions of different runs
Comparing run 9 and run 5 for span churn...
Calculating span churn between start ([48, 48, 80]) and end ([49, 49, 83]) positions of different runs
Comparing run 9 and run 6 for span churn...
Calculating span churn between start ([48, 48, 80]) and end ([49, 49, 83]) positions of different runs
Comparing run 9 and run 7 for span churn...
Calculating span churn between start ([48, 48, 80]) and end ([49, 49, 83]) positions of different runs
Comparing run 9 and run 8 for span churn...
Calculating span churn between start ([48, 48, 80]) and end ([49, 49, 83]) positions of different runs
Comparing run 9 and run 9 for span churn...
Calculating span churn between start ([48, 48, 80]) and end ([49, 49, 83]) positions of different runs
Mean text churn: 0.20963237565647203
No preds and labels found for run
No preds and labels found for run
No preds and labels found for run
No preds and labels found for run
No preds and labels found for run
No preds and labels found for run
No preds and labels found for run
No preds and labels found for run
No preds and labels found for run
No preds and labels found for run

============================= JOB FEEDBACK =============================

NodeName=uc2n912
Job ID: 4966403
Cluster: uc3
User/Group: hd_ea226/hd_hd
State: COMPLETED (exit code 0)
Nodes: 1
Cores per node: 4
CPU Utilized: 07:07:48
CPU Efficiency: 22.65% of 1-07:28:28 core-walltime
Job Wall-clock time: 07:52:07
Memory Utilized: 1001.73 MB
Memory Efficiency: 6.11% of 16.00 GB (16.00 GB/node)
