Running  with the following configurations: /home/hd/hd_hd/hd_ea226/reprML/config/train-glue-alg.yaml
Deteceted investigating one of noise types:
impl:False, alg:True, both:False, no_control:False
Creating noise results path as:  /pfs/data6/home/hd/hd_hd/hd_ea226/reprML/results/glue/alg
Experiment Configuration:
Model Name: distilbert-base-uncased
Dataset Name: glue
Task Name: sst2
Number of Seeds: 10
Number of Epochs: 3
Number of Samples: -1
Loading model and dataset...
<torch.utils.data.sampler.RandomSampler object at 0x14861a5d1760> with sampler size: 67349
train batches: 2105
val batches: 28
Running training on 67349 samples
Setting torch determ. algorithms: True
Setting cudnn deterministic kernels: True
Setting fixed precision to float32
Running experiment with seed 0
Creating results directory for seed 0 at:  /pfs/data6/home/hd/hd_hd/hd_ea226/reprML/results/glue/alg
Epoch 1: train_acc=0.9135 val_acc=0.8865
Epoch 2: train_acc=0.9616 val_acc=0.9048
Epoch 3: train_acc=0.9761 val_acc=0.9060
Setting torch determ. algorithms: True
Setting cudnn deterministic kernels: True
Setting fixed precision to float32
Running experiment with seed 1
Creating results directory for seed 1 at:  /pfs/data6/home/hd/hd_hd/hd_ea226/reprML/results/glue/alg
Epoch 1: train_acc=0.9703 val_acc=0.9002
Epoch 2: train_acc=0.9818 val_acc=0.9060
Epoch 3: train_acc=0.9893 val_acc=0.9037
Setting torch determ. algorithms: True
Setting cudnn deterministic kernels: True
Setting fixed precision to float32
Running experiment with seed 2
Creating results directory for seed 2 at:  /pfs/data6/home/hd/hd_hd/hd_ea226/reprML/results/glue/alg
Epoch 1: train_acc=0.9835 val_acc=0.8991
Epoch 2: train_acc=0.9899 val_acc=0.9094
Epoch 3: train_acc=0.9942 val_acc=0.9140
Setting torch determ. algorithms: True
Setting cudnn deterministic kernels: True
Setting fixed precision to float32
Running experiment with seed 3
Creating results directory for seed 3 at:  /pfs/data6/home/hd/hd_hd/hd_ea226/reprML/results/glue/alg
Epoch 1: train_acc=0.9899 val_acc=0.9014
Epoch 2: train_acc=0.9930 val_acc=0.8991
Epoch 3: train_acc=0.9963 val_acc=0.9060
Setting torch determ. algorithms: True
Setting cudnn deterministic kernels: True
Setting fixed precision to float32
Running experiment with seed 4
Creating results directory for seed 4 at:  /pfs/data6/home/hd/hd_hd/hd_ea226/reprML/results/glue/alg
Epoch 1: train_acc=0.9926 val_acc=0.8991
Epoch 2: train_acc=0.9949 val_acc=0.8945
Epoch 3: train_acc=0.9976 val_acc=0.8991
Setting torch determ. algorithms: True
Setting cudnn deterministic kernels: True
Setting fixed precision to float32
Running experiment with seed 5
Creating results directory for seed 5 at:  /pfs/data6/home/hd/hd_hd/hd_ea226/reprML/results/glue/alg
Epoch 1: train_acc=0.9945 val_acc=0.9002
Epoch 2: train_acc=0.9962 val_acc=0.8968
Epoch 3: train_acc=0.9980 val_acc=0.8979
Setting torch determ. algorithms: True
Setting cudnn deterministic kernels: True
Setting fixed precision to float32
Running experiment with seed 6
Creating results directory for seed 6 at:  /pfs/data6/home/hd/hd_hd/hd_ea226/reprML/results/glue/alg
Epoch 1: train_acc=0.9958 val_acc=0.8945
Epoch 2: train_acc=0.9970 val_acc=0.9037
Epoch 3: train_acc=0.9988 val_acc=0.8922
Setting torch determ. algorithms: True
Setting cudnn deterministic kernels: True
Setting fixed precision to float32
Running experiment with seed 7
Creating results directory for seed 7 at:  /pfs/data6/home/hd/hd_hd/hd_ea226/reprML/results/glue/alg
Epoch 1: train_acc=0.9970 val_acc=0.8945
Epoch 2: train_acc=0.9977 val_acc=0.8991
Epoch 3: train_acc=0.9988 val_acc=0.8956
Setting torch determ. algorithms: True
Setting cudnn deterministic kernels: True
Setting fixed precision to float32
Running experiment with seed 8
Creating results directory for seed 8 at:  /pfs/data6/home/hd/hd_hd/hd_ea226/reprML/results/glue/alg
Epoch 1: train_acc=0.9974 val_acc=0.8933
Epoch 2: train_acc=0.9979 val_acc=0.9083
Epoch 3: train_acc=0.9992 val_acc=0.8968
Setting torch determ. algorithms: True
Setting cudnn deterministic kernels: True
Setting fixed precision to float32
Running experiment with seed 9
Creating results directory for seed 9 at:  /pfs/data6/home/hd/hd_hd/hd_ea226/reprML/results/glue/alg
Epoch 1: train_acc=0.9979 val_acc=0.8956
Epoch 2: train_acc=0.9988 val_acc=0.8979
Epoch 3: train_acc=0.9993 val_acc=0.9002
Mean false error rate per seed: [np.float64(0.09403669724770643), np.float64(0.0963302752293578), np.float64(0.0860091743119266), np.float64(0.09403669724770643), np.float64(0.10091743119266056), np.float64(0.10206422018348624), np.float64(0.10779816513761468), np.float64(0.10435779816513761), np.float64(0.10321100917431193), np.float64(0.09977064220183486)] (in case of existing preds, labels)
Mean accuracy: 0.9011467889908259
Stddev: 0.006020369150645262
Comparing run 0 and run 0 for normal churn...
Comparing run 0 and run 1 for normal churn...
Comparing run 0 and run 2 for normal churn...
Comparing run 0 and run 3 for normal churn...
Comparing run 0 and run 4 for normal churn...
Comparing run 0 and run 5 for normal churn...
Comparing run 0 and run 6 for normal churn...
Comparing run 0 and run 7 for normal churn...
Comparing run 0 and run 8 for normal churn...
Comparing run 0 and run 9 for normal churn...
Comparing run 1 and run 0 for normal churn...
Comparing run 1 and run 1 for normal churn...
Comparing run 1 and run 2 for normal churn...
Comparing run 1 and run 3 for normal churn...
Comparing run 1 and run 4 for normal churn...
Comparing run 1 and run 5 for normal churn...
Comparing run 1 and run 6 for normal churn...
Comparing run 1 and run 7 for normal churn...
Comparing run 1 and run 8 for normal churn...
Comparing run 1 and run 9 for normal churn...
Comparing run 2 and run 0 for normal churn...
Comparing run 2 and run 1 for normal churn...
Comparing run 2 and run 2 for normal churn...
Comparing run 2 and run 3 for normal churn...
Comparing run 2 and run 4 for normal churn...
Comparing run 2 and run 5 for normal churn...
Comparing run 2 and run 6 for normal churn...
Comparing run 2 and run 7 for normal churn...
Comparing run 2 and run 8 for normal churn...
Comparing run 2 and run 9 for normal churn...
Comparing run 3 and run 0 for normal churn...
Comparing run 3 and run 1 for normal churn...
Comparing run 3 and run 2 for normal churn...
Comparing run 3 and run 3 for normal churn...
Comparing run 3 and run 4 for normal churn...
Comparing run 3 and run 5 for normal churn...
Comparing run 3 and run 6 for normal churn...
Comparing run 3 and run 7 for normal churn...
Comparing run 3 and run 8 for normal churn...
Comparing run 3 and run 9 for normal churn...
Comparing run 4 and run 0 for normal churn...
Comparing run 4 and run 1 for normal churn...
Comparing run 4 and run 2 for normal churn...
Comparing run 4 and run 3 for normal churn...
Comparing run 4 and run 4 for normal churn...
Comparing run 4 and run 5 for normal churn...
Comparing run 4 and run 6 for normal churn...
Comparing run 4 and run 7 for normal churn...
Comparing run 4 and run 8 for normal churn...
Comparing run 4 and run 9 for normal churn...
Comparing run 5 and run 0 for normal churn...
Comparing run 5 and run 1 for normal churn...
Comparing run 5 and run 2 for normal churn...
Comparing run 5 and run 3 for normal churn...
Comparing run 5 and run 4 for normal churn...
Comparing run 5 and run 5 for normal churn...
Comparing run 5 and run 6 for normal churn...
Comparing run 5 and run 7 for normal churn...
Comparing run 5 and run 8 for normal churn...
Comparing run 5 and run 9 for normal churn...
Comparing run 6 and run 0 for normal churn...
Comparing run 6 and run 1 for normal churn...
Comparing run 6 and run 2 for normal churn...
Comparing run 6 and run 3 for normal churn...
Comparing run 6 and run 4 for normal churn...
Comparing run 6 and run 5 for normal churn...
Comparing run 6 and run 6 for normal churn...
Comparing run 6 and run 7 for normal churn...
Comparing run 6 and run 8 for normal churn...
Comparing run 6 and run 9 for normal churn...
Comparing run 7 and run 0 for normal churn...
Comparing run 7 and run 1 for normal churn...
Comparing run 7 and run 2 for normal churn...
Comparing run 7 and run 3 for normal churn...
Comparing run 7 and run 4 for normal churn...
Comparing run 7 and run 5 for normal churn...
Comparing run 7 and run 6 for normal churn...
Comparing run 7 and run 7 for normal churn...
Comparing run 7 and run 8 for normal churn...
Comparing run 7 and run 9 for normal churn...
Comparing run 8 and run 0 for normal churn...
Comparing run 8 and run 1 for normal churn...
Comparing run 8 and run 2 for normal churn...
Comparing run 8 and run 3 for normal churn...
Comparing run 8 and run 4 for normal churn...
Comparing run 8 and run 5 for normal churn...
Comparing run 8 and run 6 for normal churn...
Comparing run 8 and run 7 for normal churn...
Comparing run 8 and run 8 for normal churn...
Comparing run 8 and run 9 for normal churn...
Comparing run 9 and run 0 for normal churn...
Comparing run 9 and run 1 for normal churn...
Comparing run 9 and run 2 for normal churn...
Comparing run 9 and run 3 for normal churn...
Comparing run 9 and run 4 for normal churn...
Comparing run 9 and run 5 for normal churn...
Comparing run 9 and run 6 for normal churn...
Comparing run 9 and run 7 for normal churn...
Comparing run 9 and run 8 for normal churn...
Comparing run 9 and run 9 for normal churn...
Mean churn: 0.04148827726809379
Mean L2 divergence: 1.5630422989527384
Preds and labels found for run
Preds and labels found for run
Preds and labels found for run
Preds and labels found for run
Preds and labels found for run
Preds and labels found for run
Preds and labels found for run
Preds and labels found for run
Preds and labels found for run
Preds and labels found for run
FP stddev: 3.6110940170535577
Unstable FP samples: [ 22  44  64  92  95 115 118 121 145 158 171 183 184 218 267 274 292 312
 382 395 399 405 411 442 446 449 477 494 519 527 544 579 580 604 617 618
 646 692 695 704 707 724 733 735 736 764 771 791 829 832]
FP churn: 0.31483076085576467
FN churn: 0.38689670232772877

============================= JOB FEEDBACK =============================

NodeName=uc2n911
Job ID: 5024890
Cluster: uc3
User/Group: hd_ea226/hd_hd
State: COMPLETED (exit code 0)
Nodes: 1
Cores per node: 4
CPU Utilized: 01:21:37
CPU Efficiency: 23.58% of 05:46:08 core-walltime
Job Wall-clock time: 01:26:32
Memory Utilized: 1.02 GB
Memory Efficiency: 6.34% of 16.00 GB (16.00 GB/node)
