Running  with the following configurations: /home/hd/hd_hd/hd_ea226/reprML/config/train-glue-imp.yaml
Deteceted investigating one of noise types:
impl:True, alg:False, both:False, no_control:False
Creating noise results path as:  /pfs/data6/home/hd/hd_hd/hd_ea226/reprML/results/glue/imp
Experiment Configuration:
Model Name: distilbert-base-uncased
Dataset Name: glue
Task Name: sst2
Number of Seeds: 10
Number of Epochs: 3
Number of Samples: -1
Loading model and dataset...
<torch.utils.data.sampler.RandomSampler object at 0x147bf0b851c0> with sampler size: 67349
train batches: 2105
val batches: 28
Running training on 67349 samples
Setting torch determ. algorithms: False
Setting cudnn deterministic kernels: False
Running experiment with seed 42
Epoch 1: train_acc=0.9121 val_acc=0.9083
Epoch 2: train_acc=0.9606 val_acc=0.8991
Epoch 3: train_acc=0.9754 val_acc=0.9060
Setting torch determ. algorithms: False
Setting cudnn deterministic kernels: False
Running experiment with seed 42
Epoch 1: train_acc=0.9802 val_acc=0.9060
Epoch 2: train_acc=0.9882 val_acc=0.9014
Epoch 3: train_acc=0.9915 val_acc=0.9002
Setting torch determ. algorithms: False
Setting cudnn deterministic kernels: False
Running experiment with seed 42
Epoch 1: train_acc=0.9955 val_acc=0.8991
Epoch 2: train_acc=0.9958 val_acc=0.9014
Epoch 3: train_acc=0.9954 val_acc=0.9025
Setting torch determ. algorithms: False
Setting cudnn deterministic kernels: False
Running experiment with seed 42
Epoch 1: train_acc=0.9978 val_acc=0.9048
Epoch 2: train_acc=0.9975 val_acc=0.9025
Epoch 3: train_acc=0.9967 val_acc=0.8979
Setting torch determ. algorithms: False
Setting cudnn deterministic kernels: False
Running experiment with seed 42
Epoch 1: train_acc=0.9986 val_acc=0.9094
Epoch 2: train_acc=0.9985 val_acc=0.9060
Epoch 3: train_acc=0.9980 val_acc=0.9014
Setting torch determ. algorithms: False
Setting cudnn deterministic kernels: False
Running experiment with seed 42
Epoch 1: train_acc=0.9990 val_acc=0.8945
Epoch 2: train_acc=0.9988 val_acc=0.9025
Epoch 3: train_acc=0.9981 val_acc=0.9025
Setting torch determ. algorithms: False
Setting cudnn deterministic kernels: False
Running experiment with seed 42
Epoch 1: train_acc=0.9992 val_acc=0.9037
Epoch 2: train_acc=0.9994 val_acc=0.8933
Epoch 3: train_acc=0.9984 val_acc=0.9037
Setting torch determ. algorithms: False
Setting cudnn deterministic kernels: False
Running experiment with seed 42
Epoch 1: train_acc=0.9995 val_acc=0.8991
Epoch 2: train_acc=0.9990 val_acc=0.9002
Epoch 3: train_acc=0.9985 val_acc=0.8991
Setting torch determ. algorithms: False
Setting cudnn deterministic kernels: False
Running experiment with seed 42
Epoch 1: train_acc=0.9992 val_acc=0.9048
Epoch 2: train_acc=0.9991 val_acc=0.9002
Epoch 3: train_acc=0.9990 val_acc=0.8956
Setting torch determ. algorithms: False
Setting cudnn deterministic kernels: False
Running experiment with seed 42
Epoch 1: train_acc=0.9994 val_acc=0.8830
Epoch 2: train_acc=0.9994 val_acc=0.8933
Epoch 3: train_acc=0.9989 val_acc=0.8899
Mean false error rate per seed: [np.float64(0.0), np.float64(0.0), np.float64(1.0), np.float64(1.0), np.float64(1.0), np.float64(1.0), np.float64(1.0), np.float64(1.0), np.float64(1.0), np.float64(1.0)] (in case of existing preds, labels)
Mean accuracy: 0.8998853211009173
Stddev: 0.004353269012867487
Comparing run 0 and run 0 for normal churn...
Comparing run 0 and run 1 for normal churn...
Comparing run 0 and run 2 for normal churn...
Comparing run 0 and run 3 for normal churn...
Comparing run 0 and run 4 for normal churn...
Comparing run 0 and run 5 for normal churn...
Comparing run 0 and run 6 for normal churn...
Comparing run 0 and run 7 for normal churn...
Comparing run 0 and run 8 for normal churn...
Comparing run 0 and run 9 for normal churn...
Comparing run 1 and run 0 for normal churn...
Comparing run 1 and run 1 for normal churn...
Comparing run 1 and run 2 for normal churn...
Comparing run 1 and run 3 for normal churn...
Comparing run 1 and run 4 for normal churn...
Comparing run 1 and run 5 for normal churn...
Comparing run 1 and run 6 for normal churn...
Comparing run 1 and run 7 for normal churn...
Comparing run 1 and run 8 for normal churn...
Comparing run 1 and run 9 for normal churn...
Comparing run 2 and run 0 for normal churn...
Comparing run 2 and run 1 for normal churn...
Comparing run 2 and run 2 for normal churn...
Comparing run 2 and run 3 for normal churn...
Comparing run 2 and run 4 for normal churn...
Comparing run 2 and run 5 for normal churn...
Comparing run 2 and run 6 for normal churn...
Comparing run 2 and run 7 for normal churn...
Comparing run 2 and run 8 for normal churn...
Comparing run 2 and run 9 for normal churn...
Comparing run 3 and run 0 for normal churn...
Comparing run 3 and run 1 for normal churn...
Comparing run 3 and run 2 for normal churn...
Comparing run 3 and run 3 for normal churn...
Comparing run 3 and run 4 for normal churn...
Comparing run 3 and run 5 for normal churn...
Comparing run 3 and run 6 for normal churn...
Comparing run 3 and run 7 for normal churn...
Comparing run 3 and run 8 for normal churn...
Comparing run 3 and run 9 for normal churn...
Comparing run 4 and run 0 for normal churn...
Comparing run 4 and run 1 for normal churn...
Comparing run 4 and run 2 for normal churn...
Comparing run 4 and run 3 for normal churn...
Comparing run 4 and run 4 for normal churn...
Comparing run 4 and run 5 for normal churn...
Comparing run 4 and run 6 for normal churn...
Comparing run 4 and run 7 for normal churn...
Comparing run 4 and run 8 for normal churn...
Comparing run 4 and run 9 for normal churn...
Comparing run 5 and run 0 for normal churn...
Comparing run 5 and run 1 for normal churn...
Comparing run 5 and run 2 for normal churn...
Comparing run 5 and run 3 for normal churn...
Comparing run 5 and run 4 for normal churn...
Comparing run 5 and run 5 for normal churn...
Comparing run 5 and run 6 for normal churn...
Comparing run 5 and run 7 for normal churn...
Comparing run 5 and run 8 for normal churn...
Comparing run 5 and run 9 for normal churn...
Comparing run 6 and run 0 for normal churn...
Comparing run 6 and run 1 for normal churn...
Comparing run 6 and run 2 for normal churn...
Comparing run 6 and run 3 for normal churn...
Comparing run 6 and run 4 for normal churn...
Comparing run 6 and run 5 for normal churn...
Comparing run 6 and run 6 for normal churn...
Comparing run 6 and run 7 for normal churn...
Comparing run 6 and run 8 for normal churn...
Comparing run 6 and run 9 for normal churn...
Comparing run 7 and run 0 for normal churn...
Comparing run 7 and run 1 for normal churn...
Comparing run 7 and run 2 for normal churn...
Comparing run 7 and run 3 for normal churn...
Comparing run 7 and run 4 for normal churn...
Comparing run 7 and run 5 for normal churn...
Comparing run 7 and run 6 for normal churn...
Comparing run 7 and run 7 for normal churn...
Comparing run 7 and run 8 for normal churn...
Comparing run 7 and run 9 for normal churn...
Comparing run 8 and run 0 for normal churn...
Comparing run 8 and run 1 for normal churn...
Comparing run 8 and run 2 for normal churn...
Comparing run 8 and run 3 for normal churn...
Comparing run 8 and run 4 for normal churn...
Comparing run 8 and run 5 for normal churn...
Comparing run 8 and run 6 for normal churn...
Comparing run 8 and run 7 for normal churn...
Comparing run 8 and run 8 for normal churn...
Comparing run 8 and run 9 for normal churn...
Comparing run 9 and run 0 for normal churn...
Comparing run 9 and run 1 for normal churn...
Comparing run 9 and run 2 for normal churn...
Comparing run 9 and run 3 for normal churn...
Comparing run 9 and run 4 for normal churn...
Comparing run 9 and run 5 for normal churn...
Comparing run 9 and run 6 for normal churn...
Comparing run 9 and run 7 for normal churn...
Comparing run 9 and run 8 for normal churn...
Comparing run 9 and run 9 for normal churn...
Mean churn: 0.06944444444444445
Mean L2 divergence: 1.5472609791166032
Preds and labels found for run
Preds and labels found for run
Preds and labels found for run
Preds and labels found for run
Preds and labels found for run
Preds and labels found for run
Preds and labels found for run
Preds and labels found for run
Preds and labels found for run
Preds and labels found for run
FP stddev: 0.0
Unstable FP samples: []
FP churn: 0.0
FN churn: 0.43333333333333335

============================= JOB FEEDBACK =============================

NodeName=uc2n908
Job ID: 4983112
Cluster: uc3
User/Group: hd_ea226/hd_hd
State: COMPLETED (exit code 0)
Nodes: 1
Cores per node: 4
CPU Utilized: 00:44:26
CPU Efficiency: 23.16% of 03:11:52 core-walltime
Job Wall-clock time: 00:47:58
Memory Utilized: 1.08 GB
Memory Efficiency: 6.72% of 16.00 GB (16.00 GB/node)
