Enabling deterministic CuBLAS
:4096:8
Running  with the following configurations: /home/hd/hd_hd/hd_ea226/reprML/config/train-glue-determ.yaml
Deteceted investigating one of noise types:
impl:True, alg:True, both:True, no_control:False
Creating noise results path as:  /pfs/data6/home/hd/hd_hd/hd_ea226/reprML/results/glue/both
Experiment Configuration:
Model Name: distilbert-base-uncased
Dataset Name: glue
Task Name: sst2
Number of Seeds: 10
Number of Epochs: 3
Number of Samples: -1
Loading model and dataset...
<torch.utils.data.sampler.RandomSampler object at 0x148810542960> with sampler size: 67349
train batches: 2105
val batches: 28
Running training on 67349 samples
Setting torch determ. algorithms: True
Setting cudnn deterministic kernels: True
Setting fixed precision to float32
Running experiment with seed 24
Creating results directory for seed 24 at:  /pfs/data6/home/hd/hd_hd/hd_ea226/reprML/results/glue/both
Epoch 1: train_acc=0.9124 val_acc=0.9060
Epoch 2: train_acc=0.9608 val_acc=0.9060
Epoch 3: train_acc=0.9768 val_acc=0.8968
Setting torch determ. algorithms: True
Setting cudnn deterministic kernels: True
Setting fixed precision to float32
Running experiment with seed 24
Creating results directory for seed 24 at:  /pfs/data6/home/hd/hd_hd/hd_ea226/reprML/results/glue/both
Epoch 1: train_acc=0.9803 val_acc=0.8933
Epoch 2: train_acc=0.9889 val_acc=0.8979
Epoch 3: train_acc=0.9912 val_acc=0.8979
Setting torch determ. algorithms: True
Setting cudnn deterministic kernels: True
Setting fixed precision to float32
Running experiment with seed 24
Creating results directory for seed 24 at:  /pfs/data6/home/hd/hd_hd/hd_ea226/reprML/results/glue/both
Epoch 1: train_acc=0.9956 val_acc=0.8716
Epoch 2: train_acc=0.9956 val_acc=0.8956
Epoch 3: train_acc=0.9953 val_acc=0.8991
Setting torch determ. algorithms: True
Setting cudnn deterministic kernels: True
Setting fixed precision to float32
Running experiment with seed 24
Creating results directory for seed 24 at:  /pfs/data6/home/hd/hd_hd/hd_ea226/reprML/results/glue/both
Epoch 1: train_acc=0.9975 val_acc=0.8830
Epoch 2: train_acc=0.9976 val_acc=0.8899
Epoch 3: train_acc=0.9966 val_acc=0.8922
Setting torch determ. algorithms: True
Setting cudnn deterministic kernels: True
Setting fixed precision to float32
Running experiment with seed 24
Creating results directory for seed 24 at:  /pfs/data6/home/hd/hd_hd/hd_ea226/reprML/results/glue/both
Epoch 1: train_acc=0.9985 val_acc=0.8933
Epoch 2: train_acc=0.9983 val_acc=0.8933
Epoch 3: train_acc=0.9976 val_acc=0.8899
Setting torch determ. algorithms: True
Setting cudnn deterministic kernels: True
Setting fixed precision to float32
Running experiment with seed 24
Creating results directory for seed 24 at:  /pfs/data6/home/hd/hd_hd/hd_ea226/reprML/results/glue/both
Epoch 1: train_acc=0.9991 val_acc=0.8956
Epoch 2: train_acc=0.9992 val_acc=0.8979
Epoch 3: train_acc=0.9979 val_acc=0.8968
Setting torch determ. algorithms: True
Setting cudnn deterministic kernels: True
Setting fixed precision to float32
Running experiment with seed 24
Creating results directory for seed 24 at:  /pfs/data6/home/hd/hd_hd/hd_ea226/reprML/results/glue/both
Epoch 1: train_acc=0.9990 val_acc=0.8842
Epoch 2: train_acc=0.9992 val_acc=0.8888
Epoch 3: train_acc=0.9986 val_acc=0.8968
Setting torch determ. algorithms: True
Setting cudnn deterministic kernels: True
Setting fixed precision to float32
Running experiment with seed 24
Creating results directory for seed 24 at:  /pfs/data6/home/hd/hd_hd/hd_ea226/reprML/results/glue/both
Epoch 1: train_acc=0.9991 val_acc=0.8865
Epoch 2: train_acc=0.9990 val_acc=0.9083
Epoch 3: train_acc=0.9984 val_acc=0.9060
Setting torch determ. algorithms: True
Setting cudnn deterministic kernels: True
Setting fixed precision to float32
Running experiment with seed 24
Creating results directory for seed 24 at:  /pfs/data6/home/hd/hd_hd/hd_ea226/reprML/results/glue/both
Epoch 1: train_acc=0.9996 val_acc=0.8991
Epoch 2: train_acc=0.9993 val_acc=0.8911
Epoch 3: train_acc=0.9989 val_acc=0.9014
Setting torch determ. algorithms: True
Setting cudnn deterministic kernels: True
Setting fixed precision to float32
Running experiment with seed 24
Creating results directory for seed 24 at:  /pfs/data6/home/hd/hd_hd/hd_ea226/reprML/results/glue/both
Epoch 1: train_acc=0.9997 val_acc=0.8933
Epoch 2: train_acc=0.9996 val_acc=0.8933
Epoch 3: train_acc=0.9992 val_acc=0.8956
Mean false error rate per seed: [np.float64(0.10321100917431193), np.float64(0.10206422018348624), np.float64(0.10091743119266056), np.float64(0.10779816513761468), np.float64(0.11009174311926606), np.float64(0.10321100917431193), np.float64(0.10321100917431193), np.float64(0.09403669724770643), np.float64(0.09862385321100918), np.float64(0.10435779816513761)] (in case of existing preds, labels)
Mean accuracy: 0.8972477064220182
Stddev: 0.004235363603811771
Comparing run 0 and run 0 for normal churn...
Comparing run 0 and run 1 for normal churn...
Comparing run 0 and run 2 for normal churn...
Comparing run 0 and run 3 for normal churn...
Comparing run 0 and run 4 for normal churn...
Comparing run 0 and run 5 for normal churn...
Comparing run 0 and run 6 for normal churn...
Comparing run 0 and run 7 for normal churn...
Comparing run 0 and run 8 for normal churn...
Comparing run 0 and run 9 for normal churn...
Comparing run 1 and run 0 for normal churn...
Comparing run 1 and run 1 for normal churn...
Comparing run 1 and run 2 for normal churn...
Comparing run 1 and run 3 for normal churn...
Comparing run 1 and run 4 for normal churn...
Comparing run 1 and run 5 for normal churn...
Comparing run 1 and run 6 for normal churn...
Comparing run 1 and run 7 for normal churn...
Comparing run 1 and run 8 for normal churn...
Comparing run 1 and run 9 for normal churn...
Comparing run 2 and run 0 for normal churn...
Comparing run 2 and run 1 for normal churn...
Comparing run 2 and run 2 for normal churn...
Comparing run 2 and run 3 for normal churn...
Comparing run 2 and run 4 for normal churn...
Comparing run 2 and run 5 for normal churn...
Comparing run 2 and run 6 for normal churn...
Comparing run 2 and run 7 for normal churn...
Comparing run 2 and run 8 for normal churn...
Comparing run 2 and run 9 for normal churn...
Comparing run 3 and run 0 for normal churn...
Comparing run 3 and run 1 for normal churn...
Comparing run 3 and run 2 for normal churn...
Comparing run 3 and run 3 for normal churn...
Comparing run 3 and run 4 for normal churn...
Comparing run 3 and run 5 for normal churn...
Comparing run 3 and run 6 for normal churn...
Comparing run 3 and run 7 for normal churn...
Comparing run 3 and run 8 for normal churn...
Comparing run 3 and run 9 for normal churn...
Comparing run 4 and run 0 for normal churn...
Comparing run 4 and run 1 for normal churn...
Comparing run 4 and run 2 for normal churn...
Comparing run 4 and run 3 for normal churn...
Comparing run 4 and run 4 for normal churn...
Comparing run 4 and run 5 for normal churn...
Comparing run 4 and run 6 for normal churn...
Comparing run 4 and run 7 for normal churn...
Comparing run 4 and run 8 for normal churn...
Comparing run 4 and run 9 for normal churn...
Comparing run 5 and run 0 for normal churn...
Comparing run 5 and run 1 for normal churn...
Comparing run 5 and run 2 for normal churn...
Comparing run 5 and run 3 for normal churn...
Comparing run 5 and run 4 for normal churn...
Comparing run 5 and run 5 for normal churn...
Comparing run 5 and run 6 for normal churn...
Comparing run 5 and run 7 for normal churn...
Comparing run 5 and run 8 for normal churn...
Comparing run 5 and run 9 for normal churn...
Comparing run 6 and run 0 for normal churn...
Comparing run 6 and run 1 for normal churn...
Comparing run 6 and run 2 for normal churn...
Comparing run 6 and run 3 for normal churn...
Comparing run 6 and run 4 for normal churn...
Comparing run 6 and run 5 for normal churn...
Comparing run 6 and run 6 for normal churn...
Comparing run 6 and run 7 for normal churn...
Comparing run 6 and run 8 for normal churn...
Comparing run 6 and run 9 for normal churn...
Comparing run 7 and run 0 for normal churn...
Comparing run 7 and run 1 for normal churn...
Comparing run 7 and run 2 for normal churn...
Comparing run 7 and run 3 for normal churn...
Comparing run 7 and run 4 for normal churn...
Comparing run 7 and run 5 for normal churn...
Comparing run 7 and run 6 for normal churn...
Comparing run 7 and run 7 for normal churn...
Comparing run 7 and run 8 for normal churn...
Comparing run 7 and run 9 for normal churn...
Comparing run 8 and run 0 for normal churn...
Comparing run 8 and run 1 for normal churn...
Comparing run 8 and run 2 for normal churn...
Comparing run 8 and run 3 for normal churn...
Comparing run 8 and run 4 for normal churn...
Comparing run 8 and run 5 for normal churn...
Comparing run 8 and run 6 for normal churn...
Comparing run 8 and run 7 for normal churn...
Comparing run 8 and run 8 for normal churn...
Comparing run 8 and run 9 for normal churn...
Comparing run 9 and run 0 for normal churn...
Comparing run 9 and run 1 for normal churn...
Comparing run 9 and run 2 for normal churn...
Comparing run 9 and run 3 for normal churn...
Comparing run 9 and run 4 for normal churn...
Comparing run 9 and run 5 for normal churn...
Comparing run 9 and run 6 for normal churn...
Comparing run 9 and run 7 for normal churn...
Comparing run 9 and run 8 for normal churn...
Comparing run 9 and run 9 for normal churn...
Mean churn: 0.048063200815494395
Mean L2 divergence: 1.5162316679954528
Preds and labels found for run
Preds and labels found for run
Preds and labels found for run
Preds and labels found for run
Preds and labels found for run
Preds and labels found for run
Preds and labels found for run
Preds and labels found for run
Preds and labels found for run
Preds and labels found for run
FP stddev: 3.0
Unstable FP samples: [ 22  64  92  95 107 115 118 121 145 158 171 183 184 218 253 274 292 312
 395 399 405 446 449 478 494 513 519 527 544 604 612 617 618 645 646 692
 695 704 707 724 733 735 736 764 770 771 791 829 832]
FP churn: 0.3375058083765924
FN churn: 0.4336273297721205

============================= JOB FEEDBACK =============================

NodeName=uc2n912
Job ID: 5038323
Cluster: uc3
User/Group: hd_ea226/hd_hd
State: COMPLETED (exit code 0)
Nodes: 1
Cores per node: 4
CPU Utilized: 01:21:21
CPU Efficiency: 23.58% of 05:44:56 core-walltime
Job Wall-clock time: 01:26:14
Memory Utilized: 1.01 GB
Memory Efficiency: 6.31% of 16.00 GB (16.00 GB/node)
