Enabling deterministic CuBLAS
:4096:8
Running  with the following configurations: /home/hd/hd_hd/hd_ea226/reprML/config/train-squad-determ.yaml
Deteceted investigating one of noise types:
impl:True, alg:True, both:True, no_control:False
Creating noise results path as:  /pfs/data6/home/hd/hd_hd/hd_ea226/reprML/results/squad/both
Experiment Configuration:
Model Name: roberta-base
Dataset Name: squad
Task Name: plain_text
Number of Seeds: 10
Number of Epochs: 2
Number of Samples: -1
Loading model and dataset...
<torch.utils.data.sampler.RandomSampler object at 0x1505e93a8ec0> with sampler size: 87599
train batches: 10950
val batches: 675
Running training on 88568 samples

============================= JOB FEEDBACK =============================

NodeName=uc2n904
Job ID: 4966414
Cluster: uc3
User/Group: hd_ea226/hd_hd
State: TIMEOUT (exit code 0)
Nodes: 1
Cores per node: 4
CPU Utilized: 00:00:00
CPU Efficiency: 0.00% of 1-04:01:48 core-walltime
Job Wall-clock time: 07:00:27
Memory Utilized: 999.02 MB
Memory Efficiency: 6.10% of 16.00 GB (16.00 GB/node)
