Running  with the following configurations: /home/hd/hd_hd/hd_ea226/reprML/config/train-glue-imp.yaml
Deteceted investigating one of noise types:
impl:True, alg:False, both:False, no_control:False
Creating noise results path as:  /pfs/data6/home/hd/hd_hd/hd_ea226/reprML/results/glue/imp
Experiment Configuration:
Model Name: distilbert-base-uncased
Dataset Name: glue
Task Name: sst2
Number of Seeds: 10
Number of Epochs: 3
Number of Samples: -1
Loading model and dataset...
<torch.utils.data.sampler.RandomSampler object at 0x14c9ae4ab500> with sampler size: 67349
train batches: 2105
val batches: 28
Running training on 67349 samples
Setting torch determ. algorithms: False
Setting cudnn deterministic kernels: False
Running experiment with seed 4
Creating results directory for seed 4 at:  /pfs/data6/home/hd/hd_hd/hd_ea226/reprML/results/glue/imp
Epoch 1: train_acc=0.9131 val_acc=0.8979
Epoch 2: train_acc=0.9606 val_acc=0.9060
Epoch 3: train_acc=0.9756 val_acc=0.9106
Setting torch determ. algorithms: False
Setting cudnn deterministic kernels: False
Running experiment with seed 4
Creating results directory for seed 4 at:  /pfs/data6/home/hd/hd_hd/hd_ea226/reprML/results/glue/imp
Epoch 1: train_acc=0.9801 val_acc=0.9048
Epoch 2: train_acc=0.9878 val_acc=0.9048
Epoch 3: train_acc=0.9913 val_acc=0.9106
Setting torch determ. algorithms: False
Setting cudnn deterministic kernels: False
Running experiment with seed 4
Creating results directory for seed 4 at:  /pfs/data6/home/hd/hd_hd/hd_ea226/reprML/results/glue/imp
Epoch 1: train_acc=0.9950 val_acc=0.9174
Epoch 2: train_acc=0.9958 val_acc=0.9106
Epoch 3: train_acc=0.9951 val_acc=0.9117
Setting torch determ. algorithms: False
Setting cudnn deterministic kernels: False
Running experiment with seed 4
Creating results directory for seed 4 at:  /pfs/data6/home/hd/hd_hd/hd_ea226/reprML/results/glue/imp
Epoch 1: train_acc=0.9981 val_acc=0.9106
Epoch 2: train_acc=0.9979 val_acc=0.9094
Epoch 3: train_acc=0.9970 val_acc=0.9128
Setting torch determ. algorithms: False
Setting cudnn deterministic kernels: False
Running experiment with seed 4
Creating results directory for seed 4 at:  /pfs/data6/home/hd/hd_hd/hd_ea226/reprML/results/glue/imp
Epoch 1: train_acc=0.9987 val_acc=0.8945
Epoch 2: train_acc=0.9984 val_acc=0.9025
Epoch 3: train_acc=0.9975 val_acc=0.9014
Setting torch determ. algorithms: False
Setting cudnn deterministic kernels: False
Running experiment with seed 4
Creating results directory for seed 4 at:  /pfs/data6/home/hd/hd_hd/hd_ea226/reprML/results/glue/imp
Epoch 1: train_acc=0.9991 val_acc=0.8979
Epoch 2: train_acc=0.9988 val_acc=0.9106
Epoch 3: train_acc=0.9983 val_acc=0.9071
Setting torch determ. algorithms: False
Setting cudnn deterministic kernels: False
Running experiment with seed 4
Creating results directory for seed 4 at:  /pfs/data6/home/hd/hd_hd/hd_ea226/reprML/results/glue/imp
Epoch 1: train_acc=0.9994 val_acc=0.9083
Epoch 2: train_acc=0.9991 val_acc=0.9071
Epoch 3: train_acc=0.9984 val_acc=0.9083
Setting torch determ. algorithms: False
Setting cudnn deterministic kernels: False
Running experiment with seed 4
Creating results directory for seed 4 at:  /pfs/data6/home/hd/hd_hd/hd_ea226/reprML/results/glue/imp
Epoch 1: train_acc=0.9993 val_acc=0.9117
Epoch 2: train_acc=0.9992 val_acc=0.9106
Epoch 3: train_acc=0.9989 val_acc=0.9083
Setting torch determ. algorithms: False
Setting cudnn deterministic kernels: False
Running experiment with seed 4
Creating results directory for seed 4 at:  /pfs/data6/home/hd/hd_hd/hd_ea226/reprML/results/glue/imp
Epoch 1: train_acc=0.9993 val_acc=0.9002
Epoch 2: train_acc=0.9995 val_acc=0.9037
Epoch 3: train_acc=0.9988 val_acc=0.9106
Setting torch determ. algorithms: False
Setting cudnn deterministic kernels: False
Running experiment with seed 4
Creating results directory for seed 4 at:  /pfs/data6/home/hd/hd_hd/hd_ea226/reprML/results/glue/imp
Epoch 1: train_acc=0.9993 val_acc=0.9014
Epoch 2: train_acc=0.9992 val_acc=0.9094
Epoch 3: train_acc=0.9988 val_acc=0.9014
Mean false error rate per seed: [np.float64(0.08944954128440367), np.float64(0.08944954128440367), np.float64(0.08830275229357798), np.float64(0.0871559633027523), np.float64(0.09862385321100918), np.float64(0.09288990825688073), np.float64(0.09174311926605505), np.float64(0.09174311926605505), np.float64(0.08944954128440367), np.float64(0.09862385321100918)] (in case of existing preds, labels)
Mean accuracy: 0.9082568807339448
Stddev: 0.003803468796279137
Comparing run 0 and run 0 for normal churn...
Comparing run 0 and run 1 for normal churn...
Comparing run 0 and run 2 for normal churn...
Comparing run 0 and run 3 for normal churn...
Comparing run 0 and run 4 for normal churn...
Comparing run 0 and run 5 for normal churn...
Comparing run 0 and run 6 for normal churn...
Comparing run 0 and run 7 for normal churn...
Comparing run 0 and run 8 for normal churn...
Comparing run 0 and run 9 for normal churn...
Comparing run 1 and run 0 for normal churn...
Comparing run 1 and run 1 for normal churn...
Comparing run 1 and run 2 for normal churn...
Comparing run 1 and run 3 for normal churn...
Comparing run 1 and run 4 for normal churn...
Comparing run 1 and run 5 for normal churn...
Comparing run 1 and run 6 for normal churn...
Comparing run 1 and run 7 for normal churn...
Comparing run 1 and run 8 for normal churn...
Comparing run 1 and run 9 for normal churn...
Comparing run 2 and run 0 for normal churn...
Comparing run 2 and run 1 for normal churn...
Comparing run 2 and run 2 for normal churn...
Comparing run 2 and run 3 for normal churn...
Comparing run 2 and run 4 for normal churn...
Comparing run 2 and run 5 for normal churn...
Comparing run 2 and run 6 for normal churn...
Comparing run 2 and run 7 for normal churn...
Comparing run 2 and run 8 for normal churn...
Comparing run 2 and run 9 for normal churn...
Comparing run 3 and run 0 for normal churn...
Comparing run 3 and run 1 for normal churn...
Comparing run 3 and run 2 for normal churn...
Comparing run 3 and run 3 for normal churn...
Comparing run 3 and run 4 for normal churn...
Comparing run 3 and run 5 for normal churn...
Comparing run 3 and run 6 for normal churn...
Comparing run 3 and run 7 for normal churn...
Comparing run 3 and run 8 for normal churn...
Comparing run 3 and run 9 for normal churn...
Comparing run 4 and run 0 for normal churn...
Comparing run 4 and run 1 for normal churn...
Comparing run 4 and run 2 for normal churn...
Comparing run 4 and run 3 for normal churn...
Comparing run 4 and run 4 for normal churn...
Comparing run 4 and run 5 for normal churn...
Comparing run 4 and run 6 for normal churn...
Comparing run 4 and run 7 for normal churn...
Comparing run 4 and run 8 for normal churn...
Comparing run 4 and run 9 for normal churn...
Comparing run 5 and run 0 for normal churn...
Comparing run 5 and run 1 for normal churn...
Comparing run 5 and run 2 for normal churn...
Comparing run 5 and run 3 for normal churn...
Comparing run 5 and run 4 for normal churn...
Comparing run 5 and run 5 for normal churn...
Comparing run 5 and run 6 for normal churn...
Comparing run 5 and run 7 for normal churn...
Comparing run 5 and run 8 for normal churn...
Comparing run 5 and run 9 for normal churn...
Comparing run 6 and run 0 for normal churn...
Comparing run 6 and run 1 for normal churn...
Comparing run 6 and run 2 for normal churn...
Comparing run 6 and run 3 for normal churn...
Comparing run 6 and run 4 for normal churn...
Comparing run 6 and run 5 for normal churn...
Comparing run 6 and run 6 for normal churn...
Comparing run 6 and run 7 for normal churn...
Comparing run 6 and run 8 for normal churn...
Comparing run 6 and run 9 for normal churn...
Comparing run 7 and run 0 for normal churn...
Comparing run 7 and run 1 for normal churn...
Comparing run 7 and run 2 for normal churn...
Comparing run 7 and run 3 for normal churn...
Comparing run 7 and run 4 for normal churn...
Comparing run 7 and run 5 for normal churn...
Comparing run 7 and run 6 for normal churn...
Comparing run 7 and run 7 for normal churn...
Comparing run 7 and run 8 for normal churn...
Comparing run 7 and run 9 for normal churn...
Comparing run 8 and run 0 for normal churn...
Comparing run 8 and run 1 for normal churn...
Comparing run 8 and run 2 for normal churn...
Comparing run 8 and run 3 for normal churn...
Comparing run 8 and run 4 for normal churn...
Comparing run 8 and run 5 for normal churn...
Comparing run 8 and run 6 for normal churn...
Comparing run 8 and run 7 for normal churn...
Comparing run 8 and run 8 for normal churn...
Comparing run 8 and run 9 for normal churn...
Comparing run 9 and run 0 for normal churn...
Comparing run 9 and run 1 for normal churn...
Comparing run 9 and run 2 for normal churn...
Comparing run 9 and run 3 for normal churn...
Comparing run 9 and run 4 for normal churn...
Comparing run 9 and run 5 for normal churn...
Comparing run 9 and run 6 for normal churn...
Comparing run 9 and run 7 for normal churn...
Comparing run 9 and run 8 for normal churn...
Comparing run 9 and run 9 for normal churn...
Mean churn: 0.03899082568807339
Mean L2 divergence: 1.4602855854564243
Preds and labels found for run
Preds and labels found for run
Preds and labels found for run
Preds and labels found for run
Preds and labels found for run
Preds and labels found for run
Preds and labels found for run
Preds and labels found for run
Preds and labels found for run
Preds and labels found for run
FP stddev: 4.517742799230607
Unstable FP samples: [ 20  22  64  69  92  95 115 118 121 145 158 171 183 274 285 292 312 399
 405 411 449 494 519 527 544 579 604 612 618 646 689 692 695 707 724 734
 736 764 770 775 791 829 832 862]
FP churn: 0.3309450927143265
FN churn: 0.3691040687508489

============================= JOB FEEDBACK =============================

NodeName=uc2n909
Job ID: 5017608
Cluster: uc3
User/Group: hd_ea226/hd_hd
State: COMPLETED (exit code 0)
Nodes: 1
Cores per node: 4
CPU Utilized: 01:20:06
CPU Efficiency: 23.67% of 05:38:20 core-walltime
Job Wall-clock time: 01:24:35
Memory Utilized: 1.01 GB
Memory Efficiency: 6.31% of 16.00 GB (16.00 GB/node)
